Using pre-set license
Built from '2020.3/staging' branch; Version is '2020.3.10f1 (297d780c91bc) revision 2719096'; Using compiler version '192528614'; Build Type 'Release'
OS: 'Windows 10 Pro; OS build 19042.985; Version 2009; 64bit' Language: 'es' Physical Memory: 16320 MB
BatchMode: 1, IsHumanControllingUs: 0, StartBugReporterOnCrash: 0, Is64bit: 1, IsPro: 0

 COMMAND LINE ARGUMENTS:
C:\Program Files\Unity\Hub\Editor\2020.3.10f1\Editor\Unity.exe
-adb2
-batchMode
-noUpm
-name
AssetImportWorker0
-projectPath
D:/Documentos/Proyectos/Unity/Call_of_Getafe
-logFile
Logs/AssetImportWorker0.log
-srvPort
49710
Successfully changed project path to: D:/Documentos/Proyectos/Unity/Call_of_Getafe
D:/Documentos/Proyectos/Unity/Call_of_Getafe
Using Asset Import Pipeline V2.
Refreshing native plugins compatible for Editor in 99.20 ms, found 2 plugins.
Preloading 0 native plugins for Editor in 0.00 ms.
Initialize engine version: 2020.3.10f1 (297d780c91bc)
[Subsystems] Discovering subsystems at path C:/Program Files/Unity/Hub/Editor/2020.3.10f1/Editor/Data/Resources/UnitySubsystems
[Subsystems] Discovering subsystems at path D:/Documentos/Proyectos/Unity/Call_of_Getafe/Assets
GfxDevice: creating device client; threaded=0
Direct3D:
    Version:  Direct3D 11.0 [level 11.1]
    Renderer: Radeon (TM) RX 480 Graphics (ID=0x67df)
    Vendor:   
    VRAM:     4075 MB
    Driver:   27.20.21003.8013
Initialize mono
Mono path[0] = 'C:/Program Files/Unity/Hub/Editor/2020.3.10f1/Editor/Data/Managed'
Mono path[1] = 'C:/Program Files/Unity/Hub/Editor/2020.3.10f1/Editor/Data/MonoBleedingEdge/lib/mono/unityjit'
Mono config path = 'C:/Program Files/Unity/Hub/Editor/2020.3.10f1/Editor/Data/MonoBleedingEdge/etc'
Using monoOptions --debugger-agent=transport=dt_socket,embedding=1,server=y,suspend=n,address=127.0.0.1:56304
Begin MonoManager ReloadAssembly
Registering precompiled unity dll's ...
Register platform support module: C:/Program Files/Unity/Hub/Editor/2020.3.10f1/Editor/Data/PlaybackEngines/WebGLSupport/UnityEditor.WebGL.Extensions.dll
Register platform support module: C:/Program Files/Unity/Hub/Editor/2020.3.10f1/Editor/Data/PlaybackEngines/WindowsStandaloneSupport/UnityEditor.WindowsStandalone.Extensions.dll
Registered in 0.002995 seconds.
Native extension for WindowsStandalone target not found
Native extension for WebGL target not found
Refreshing native plugins compatible for Editor in 91.14 ms, found 2 plugins.
Preloading 0 native plugins for Editor in 0.00 ms.
Mono: successfully reloaded assembly
- Completed reload, in  2.753 seconds
Platform modules already initialized, skipping
Registering precompiled user dll's ...
Registered in 0.008073 seconds.
Begin MonoManager ReloadAssembly
Native extension for WindowsStandalone target not found
Native extension for WebGL target not found
Refreshing native plugins compatible for Editor in 0.99 ms, found 2 plugins.
Preloading 0 native plugins for Editor in 0.00 ms.
Mono: successfully reloaded assembly
- Completed reload, in  2.004 seconds
Platform modules already initialized, skipping
========================================================================
Worker process is ready to serve import requests
Launched and connected shader compiler UnityShaderCompiler.exe after 0.04 seconds
Refreshing native plugins compatible for Editor in 0.96 ms, found 2 plugins.
Preloading 0 native plugins for Editor in 0.00 ms.
Unloading 2571 Unused Serialized files (Serialized files now loaded: 0)
System memory in use before: 278.6 MB.
System memory in use after: 278.8 MB.

Unloading 123 unused Assets to reduce memory usage. Loaded Objects now: 3160.
Total: 3.429800 ms (FindLiveObjects: 0.330800 ms CreateObjectMapping: 0.087500 ms MarkObjects: 2.831500 ms  DeleteObjects: 0.178500 ms)

========================================================================
Received Import Request.
  path: Assets/_GameAssets/3DModels/Swat
  artifactKey: Guid(859e5f4da946fb743a438b4d70df35c8) Importer(815301076,1909f56bfc062723c751e8b465ee728b)
Start importing Assets/_GameAssets/3DModels/Swat using Guid(859e5f4da946fb743a438b4d70df35c8) Importer(815301076,1909f56bfc062723c751e8b465ee728b)  -> (artifact id: '40454424f21bae3b37a7dfa822ebff25') in 0.008242 seconds
  Import took 0.012440 seconds .

========================================================================
Received Import Request.
  Time since last request: 17.456836 seconds.
  path: Assets/_GameAssets/3DModels/Swat/Swat1.fbx
  artifactKey: Guid(7071dba624eb60a4db865800b4da7ef6) Importer(815301076,1909f56bfc062723c751e8b465ee728b)
Start importing Assets/_GameAssets/3DModels/Swat/Swat1.fbx using Guid(7071dba624eb60a4db865800b4da7ef6) Importer(815301076,1909f56bfc062723c751e8b465ee728b)  -> (artifact id: '46b0696ed3aabdf768f03559b7ce8ba4') in 0.195912 seconds
  Import took 0.200821 seconds .

========================================================================
Received Import Request.
  Time since last request: 35.958626 seconds.
  path: Assets/_GameAssets/3DModels/Swat/SwatHombre1
  artifactKey: Guid(8277c2f6f21fe8e4fb3a604f56d0598e) Importer(815301076,1909f56bfc062723c751e8b465ee728b)
Start importing Assets/_GameAssets/3DModels/Swat/SwatHombre1 using Guid(8277c2f6f21fe8e4fb3a604f56d0598e) Importer(815301076,1909f56bfc062723c751e8b465ee728b)  -> (artifact id: 'ce0bc9d57af638de9d03cdb0b2740ed1') in 0.002376 seconds
  Import took 0.006636 seconds .

========================================================================
Received Import Request.
  Time since last request: 0.008914 seconds.
  path: Assets/_GameAssets/3DModels/Swat/SwatHombre1
  artifactKey: Guid(8277c2f6f21fe8e4fb3a604f56d0598e) Importer(815301076,1909f56bfc062723c751e8b465ee728b)
Start importing Assets/_GameAssets/3DModels/Swat/SwatHombre1 using Guid(8277c2f6f21fe8e4fb3a604f56d0598e) Importer(815301076,1909f56bfc062723c751e8b465ee728b)  -> (artifact id: 'ce0bc9d57af638de9d03cdb0b2740ed1') in 0.002138 seconds
  Import took 0.006392 seconds .

========================================================================
Received Import Request.
  Time since last request: 13.735253 seconds.
  path: Assets/_GameAssets/3DModels/Swat/SwatVisor
  artifactKey: Guid(8277c2f6f21fe8e4fb3a604f56d0598e) Importer(815301076,1909f56bfc062723c751e8b465ee728b)
Start importing Assets/_GameAssets/3DModels/Swat/SwatVisor using Guid(8277c2f6f21fe8e4fb3a604f56d0598e) Importer(815301076,1909f56bfc062723c751e8b465ee728b)  -> (artifact id: '42611e2fbb999c4cc4ee5cf65b74e61d') in 0.002598 seconds
  Import took 0.007366 seconds .

========================================================================
Received Import Request.
  Time since last request: 7.632232 seconds.
  path: Assets/_GameAssets/3DModels/Swat/SwatVisor.fbx
  artifactKey: Guid(7071dba624eb60a4db865800b4da7ef6) Importer(815301076,1909f56bfc062723c751e8b465ee728b)
Start importing Assets/_GameAssets/3DModels/Swat/SwatVisor.fbx using Guid(7071dba624eb60a4db865800b4da7ef6) Importer(815301076,1909f56bfc062723c751e8b465ee728b)  -> (artifact id: '496787e3e09dafedcb5a88cf09de12c1') in 0.032970 seconds
  Import took 0.037531 seconds .

========================================================================
Received Import Request.
  Time since last request: 20.157764 seconds.
  path: Assets/_GameAssets/3DModels/Swat/SwatVisor/SwatVisor.fbx
  artifactKey: Guid(7071dba624eb60a4db865800b4da7ef6) Importer(815301076,1909f56bfc062723c751e8b465ee728b)
Start importing Assets/_GameAssets/3DModels/Swat/SwatVisor/SwatVisor.fbx using Guid(7071dba624eb60a4db865800b4da7ef6) Importer(815301076,1909f56bfc062723c751e8b465ee728b)  -> (artifact id: 'c4aadf68fd3e73e6798f6f65e78166c1') in 0.045148 seconds
  Import took 0.050577 seconds .

========================================================================
Received Import Request.
  Time since last request: 0.005918 seconds.
  path: Assets/_GameAssets/3DModels/Swat/SwatVisor/SwatVisor.fbx
  artifactKey: Guid(7071dba624eb60a4db865800b4da7ef6) Importer(815301076,1909f56bfc062723c751e8b465ee728b)
Start importing Assets/_GameAssets/3DModels/Swat/SwatVisor/SwatVisor.fbx using Guid(7071dba624eb60a4db865800b4da7ef6) Importer(815301076,1909f56bfc062723c751e8b465ee728b)  -> (artifact id: 'c4aadf68fd3e73e6798f6f65e78166c1') in 0.045933 seconds
  Import took 0.050981 seconds .

========================================================================
Received Import Request.
  Time since last request: 77.342883 seconds.
  path: Assets/_GameAssets/3DModels/Swat/SwatVisor/SwatVisor.fbx
  artifactKey: Guid(7071dba624eb60a4db865800b4da7ef6) Importer(815301076,1909f56bfc062723c751e8b465ee728b)
Start importing Assets/_GameAssets/3DModels/Swat/SwatVisor/SwatVisor.fbx using Guid(7071dba624eb60a4db865800b4da7ef6) Importer(815301076,1909f56bfc062723c751e8b465ee728b)  -> (artifact id: '305f18853dda3970148a2f3d0628628e') in 0.040397 seconds
  Import took 0.046035 seconds .

========================================================================
Received Import Request.
  Time since last request: 1.777705 seconds.
  path: Assets/_GameAssets/3DModels/Swat/SwatVisor/Materials
  artifactKey: Guid(69cd31d707f510c46b5a59a6b5c30ba0) Importer(815301076,1909f56bfc062723c751e8b465ee728b)
Start importing Assets/_GameAssets/3DModels/Swat/SwatVisor/Materials using Guid(69cd31d707f510c46b5a59a6b5c30ba0) Importer(815301076,1909f56bfc062723c751e8b465ee728b)  -> (artifact id: '55057cc4acbe061c2800ba292741c75d') in 0.002645 seconds
  Import took 0.016282 seconds .

========================================================================
Received Prepare
Registering precompiled user dll's ...
Registered in 0.007763 seconds.
Begin MonoManager ReloadAssembly
Native extension for WindowsStandalone target not found
Native extension for WebGL target not found
Refreshing native plugins compatible for Editor in 1.02 ms, found 2 plugins.
Preloading 0 native plugins for Editor in 0.00 ms.
Warning: Annotation not found!
UnityEngine.StackTraceUtility:ExtractStackTrace ()
UnityEditor.ProBuilder.EditorUtility:SetGizmoIconEnabled (System.Type,bool) (at Library/PackageCache/com.unity.probuilder@4.5.0/Editor/EditorCore/EditorUtility.cs:593)
UnityEditor.ProBuilder.HierarchyListener:.cctor () (at Library/PackageCache/com.unity.probuilder@4.5.0/Editor/EditorCore/HierarchyListener.cs:21)
System.Runtime.CompilerServices.RuntimeHelpers:RunClassConstructor (System.RuntimeTypeHandle)
UnityEditor.EditorAssemblies:ProcessInitializeOnLoadAttributes (System.Type[])

[Library/PackageCache/com.unity.probuilder@4.5.0/Editor/EditorCore/EditorUtility.cs line 593]

Mono: successfully reloaded assembly
- Completed reload, in  1.392 seconds
Platform modules already initialized, skipping
Refreshing native plugins compatible for Editor in 1.24 ms, found 2 plugins.
Preloading 0 native plugins for Editor in 0.00 ms.
Unloading 2435 Unused Serialized files (Serialized files now loaded: 0)
System memory in use before: 269.7 MB.
System memory in use after: 269.9 MB.

Unloading 20 unused Assets to reduce memory usage. Loaded Objects now: 3206.
Total: 3.748000 ms (FindLiveObjects: 0.324900 ms CreateObjectMapping: 0.071700 ms MarkObjects: 3.325700 ms  DeleteObjects: 0.023900 ms)

========================================================================
Received Prepare
Registering precompiled user dll's ...
Registered in 0.008212 seconds.
Begin MonoManager ReloadAssembly
Native extension for WindowsStandalone target not found
Native extension for WebGL target not found
Refreshing native plugins compatible for Editor in 1.02 ms, found 2 plugins.
Preloading 0 native plugins for Editor in 0.00 ms.
Warning: Annotation not found!
UnityEngine.StackTraceUtility:ExtractStackTrace ()
UnityEditor.ProBuilder.EditorUtility:SetGizmoIconEnabled (System.Type,bool) (at Library/PackageCache/com.unity.probuilder@4.5.0/Editor/EditorCore/EditorUtility.cs:593)
UnityEditor.ProBuilder.HierarchyListener:.cctor () (at Library/PackageCache/com.unity.probuilder@4.5.0/Editor/EditorCore/HierarchyListener.cs:21)
System.Runtime.CompilerServices.RuntimeHelpers:RunClassConstructor (System.RuntimeTypeHandle)
UnityEditor.EditorAssemblies:ProcessInitializeOnLoadAttributes (System.Type[])

[Library/PackageCache/com.unity.probuilder@4.5.0/Editor/EditorCore/EditorUtility.cs line 593]

Mono: successfully reloaded assembly
- Completed reload, in  1.378 seconds
Platform modules already initialized, skipping
Refreshing native plugins compatible for Editor in 1.03 ms, found 2 plugins.
Preloading 0 native plugins for Editor in 0.00 ms.
Unloading 2435 Unused Serialized files (Serialized files now loaded: 0)
System memory in use before: 269.8 MB.
System memory in use after: 270.0 MB.

Unloading 20 unused Assets to reduce memory usage. Loaded Objects now: 3209.
Total: 3.591800 ms (FindLiveObjects: 0.356500 ms CreateObjectMapping: 0.073100 ms MarkObjects: 3.136300 ms  DeleteObjects: 0.024100 ms)

========================================================================
Received Import Request.
  Time since last request: 546.072399 seconds.
  path: Assets/_GameAssets/3DModels/Zombies/Modelos/Textures/Romero/Ch10_1001_Diffuse.png
  artifactKey: Guid(54c5bc1f9b7b9af4a9cea1bbe3435546) Importer(815301076,1909f56bfc062723c751e8b465ee728b)
Start importing Assets/_GameAssets/3DModels/Zombies/Modelos/Textures/Romero/Ch10_1001_Diffuse.png using Guid(54c5bc1f9b7b9af4a9cea1bbe3435546) Importer(815301076,1909f56bfc062723c751e8b465ee728b)  -> (artifact id: 'b7ef19c4010ef93c5296849fc6bdba2c') in 0.578094 seconds
  Import took 0.582914 seconds .

========================================================================
Received Import Request.
  Time since last request: 0.000208 seconds.
  path: Assets/MeshEditor/Files/MeshEditor/GUI/clear_selection.png
  artifactKey: Guid(96531de176e65d74eb6ac56e37ff99b6) Importer(815301076,1909f56bfc062723c751e8b465ee728b)
Start importing Assets/MeshEditor/Files/MeshEditor/GUI/clear_selection.png using Guid(96531de176e65d74eb6ac56e37ff99b6) Importer(815301076,1909f56bfc062723c751e8b465ee728b)  -> (artifact id: '018cd7d6ef434aa7d18d21395d474014') in 0.082697 seconds
  Import took 0.098491 seconds .

========================================================================
Received Import Request.
  Time since last request: 0.000271 seconds.
  path: Assets/_GameAssets/3DModels/Zombies/Modelos/Textures/Romero/Ch10_1002_Glossiness.png
  artifactKey: Guid(e4c2aec4629148c4492fb830dfed7d7c) Importer(815301076,1909f56bfc062723c751e8b465ee728b)
Start importing Assets/_GameAssets/3DModels/Zombies/Modelos/Textures/Romero/Ch10_1002_Glossiness.png using Guid(e4c2aec4629148c4492fb830dfed7d7c) Importer(815301076,1909f56bfc062723c751e8b465ee728b)  -> (artifact id: '82ff0ffb12af9fdeac06e56f425bd644') in 0.034911 seconds
  Import took 0.039178 seconds .

========================================================================
Received Import Request.
  Time since last request: 0.000253 seconds.
  path: Assets/_GameAssets/3DModels/Zombies/Modelos/Textures/Romero/Ch10_1002_Specular.png
  artifactKey: Guid(22c774c96e0c5364d922123aa77660b6) Importer(815301076,1909f56bfc062723c751e8b465ee728b)
Start importing Assets/_GameAssets/3DModels/Zombies/Modelos/Textures/Romero/Ch10_1002_Specular.png using Guid(22c774c96e0c5364d922123aa77660b6) Importer(815301076,1909f56bfc062723c751e8b465ee728b)  -> (artifact id: 'a08f6483c6a4d673146176d842f6edd8') in 0.008283 seconds
  Import took 0.012685 seconds .

========================================================================
Received Import Request.
  Time since last request: 0.000244 seconds.
  path: Assets/_GameAssets/3DModels/Zombies/Modelos/Textures/Romero/Ch10_1002_Diffuse.png
  artifactKey: Guid(d7a6f0738e4323641859c893d20ba814) Importer(815301076,1909f56bfc062723c751e8b465ee728b)
Start importing Assets/_GameAssets/3DModels/Zombies/Modelos/Textures/Romero/Ch10_1002_Diffuse.png using Guid(d7a6f0738e4323641859c893d20ba814) Importer(815301076,1909f56bfc062723c751e8b465ee728b)  -> (artifact id: '04f44d3aec5232df41047d147e0e03e2') in 0.008457 seconds
  Import took 0.013363 seconds .

========================================================================
Received Import Request.
  Time since last request: 0.000337 seconds.
  path: Assets/_GameAssets/3DModels/Swat/SwatVisor/Texturas/Ch15_1001_Diffuse.png
  artifactKey: Guid(cef6eab28cf69544dac992246097239f) Importer(815301076,1909f56bfc062723c751e8b465ee728b)
Start importing Assets/_GameAssets/3DModels/Swat/SwatVisor/Texturas/Ch15_1001_Diffuse.png using Guid(cef6eab28cf69544dac992246097239f) Importer(815301076,1909f56bfc062723c751e8b465ee728b)  -> (artifact id: '6624de559076662e0e775d4e3b51e2d6') in 0.008122 seconds
  Import took 0.012600 seconds .

========================================================================
Received Import Request.
  Time since last request: 0.000249 seconds.
  path: Assets/_GameAssets/3DModels/Zombies/Modelos/Textures/Romero/Ch10_1001_Normal.png
  artifactKey: Guid(9892fde9a24a31f4aa3b5e5871904808) Importer(815301076,1909f56bfc062723c751e8b465ee728b)
Start importing Assets/_GameAssets/3DModels/Zombies/Modelos/Textures/Romero/Ch10_1001_Normal.png using Guid(9892fde9a24a31f4aa3b5e5871904808) Importer(815301076,1909f56bfc062723c751e8b465ee728b)  -> (artifact id: 'e49bc3bf1c45b3c2d811872111f6ca9c') in 0.017905 seconds
  Import took 0.044572 seconds .

========================================================================
Received Import Request.
  Time since last request: 0.000312 seconds.
  path: Assets/_GameAssets/3DModels/Swat/SwatVisor/Texturas/Ch15_1002_Glossiness.png
  artifactKey: Guid(369c213e03dae3c47a52c23416e76e26) Importer(815301076,1909f56bfc062723c751e8b465ee728b)
Start importing Assets/_GameAssets/3DModels/Swat/SwatVisor/Texturas/Ch15_1002_Glossiness.png using Guid(369c213e03dae3c47a52c23416e76e26) Importer(815301076,1909f56bfc062723c751e8b465ee728b)  -> (artifact id: '8e33ad9b53b97a5da3e3360af3b3e610') in 0.008377 seconds
  Import took 0.032221 seconds .

========================================================================
Received Import Request.
  Time since last request: 0.000236 seconds.
  path: Assets/_GameAssets/3DModels/Zombies/Modelos/Textures/Romero/Ch10_1001_Specular.png
  artifactKey: Guid(9478de7b02a518a4a8f8d8c4b07c4947) Importer(815301076,1909f56bfc062723c751e8b465ee728b)
Start importing Assets/_GameAssets/3DModels/Zombies/Modelos/Textures/Romero/Ch10_1001_Specular.png using Guid(9478de7b02a518a4a8f8d8c4b07c4947) Importer(815301076,1909f56bfc062723c751e8b465ee728b)  -> (artifact id: '427b991a4728eb927ca4804d6d6098cf') in 0.007396 seconds
  Import took 0.011751 seconds .

========================================================================
Received Import Request.
  Time since last request: 0.000298 seconds.
  path: Assets/_GameAssets/3DModels/Swat/SwatVisor/Texturas/Ch15_1002_Specular.png
  artifactKey: Guid(6c4a08e000abaca47be2397bfd4a7754) Importer(815301076,1909f56bfc062723c751e8b465ee728b)
Start importing Assets/_GameAssets/3DModels/Swat/SwatVisor/Texturas/Ch15_1002_Specular.png using Guid(6c4a08e000abaca47be2397bfd4a7754) Importer(815301076,1909f56bfc062723c751e8b465ee728b)  -> (artifact id: '520d850d52e2650c3ab7cee64751efb0') in 0.009756 seconds
  Import took 0.014249 seconds .

========================================================================
Received Import Request.
  Time since last request: 0.000263 seconds.
  path: Assets/_GameAssets/3DModels/Swat/SwatVisor/Texturas/Ch15_1001_Specular.png
  artifactKey: Guid(aa4619f6d09255944a9bd1b2fc87c2d2) Importer(815301076,1909f56bfc062723c751e8b465ee728b)
Start importing Assets/_GameAssets/3DModels/Swat/SwatVisor/Texturas/Ch15_1001_Specular.png using Guid(aa4619f6d09255944a9bd1b2fc87c2d2) Importer(815301076,1909f56bfc062723c751e8b465ee728b)  -> (artifact id: '6ccbc825cd554cbd3809b007a3bb847d') in 0.009079 seconds
  Import took 0.014417 seconds .

========================================================================
Received Import Request.
  Time since last request: 0.000208 seconds.
  path: Assets/_GameAssets/3DModels/Swat/SwatVisor/Texturas/Ch15_1001_Glossiness.png
  artifactKey: Guid(89987fc0bde72b44098cee3771d04850) Importer(815301076,1909f56bfc062723c751e8b465ee728b)
Start importing Assets/_GameAssets/3DModels/Swat/SwatVisor/Texturas/Ch15_1001_Glossiness.png using Guid(89987fc0bde72b44098cee3771d04850) Importer(815301076,1909f56bfc062723c751e8b465ee728b)  -> (artifact id: '4e3cc0482ce7607372e80ec0a619cdf8') in 0.008274 seconds
  Import took 0.012845 seconds .

========================================================================
Received Import Request.
  Time since last request: 0.000231 seconds.
  path: Assets/_GameAssets/3DModels/Swat/SwatVisor/Texturas/Ch15_1002_Emissive.png
  artifactKey: Guid(73fc39e59c4fc1743a1e4e70fe84ca00) Importer(815301076,1909f56bfc062723c751e8b465ee728b)
Start importing Assets/_GameAssets/3DModels/Swat/SwatVisor/Texturas/Ch15_1002_Emissive.png using Guid(73fc39e59c4fc1743a1e4e70fe84ca00) Importer(815301076,1909f56bfc062723c751e8b465ee728b)  -> (artifact id: '0c071732f42dae0d7e5e8d40b7d26fa7') in 0.009117 seconds
  Import took 0.013785 seconds .

========================================================================
Received Import Request.
  Time since last request: 0.000213 seconds.
  path: Assets/_GameAssets/3DModels/Swat/SwatVisor/Texturas/Ch15_1002_Normal.png
  artifactKey: Guid(5c1d19e219c30304d95f7f7373cc510a) Importer(815301076,1909f56bfc062723c751e8b465ee728b)
Start importing Assets/_GameAssets/3DModels/Swat/SwatVisor/Texturas/Ch15_1002_Normal.png using Guid(5c1d19e219c30304d95f7f7373cc510a) Importer(815301076,1909f56bfc062723c751e8b465ee728b)  -> (artifact id: 'd1d56e8fae9924b5708b7b85d611f8a8') in 0.012109 seconds
  Import took 0.016748 seconds .

========================================================================
Received Import Request.
  Time since last request: 0.000291 seconds.
  path: Assets/_GameAssets/3DModels/Swat/SwatVisor/Texturas/Ch15_1002_Diffuse.png
  artifactKey: Guid(e48b1fabaf700fd4f8b20b5ed6fb2e0e) Importer(815301076,1909f56bfc062723c751e8b465ee728b)
Start importing Assets/_GameAssets/3DModels/Swat/SwatVisor/Texturas/Ch15_1002_Diffuse.png using Guid(e48b1fabaf700fd4f8b20b5ed6fb2e0e) Importer(815301076,1909f56bfc062723c751e8b465ee728b)  -> (artifact id: '2066776c45c11491c1ee04ae52851f7d') in 0.008554 seconds
  Import took 0.013292 seconds .

========================================================================
Received Import Request.
  Time since last request: 0.000185 seconds.
  path: Assets/_GameAssets/3DModels/Zombies/Modelos/Textures/Romero/Ch10_1001_Glossiness.png
  artifactKey: Guid(d47e84fe9af790c4bbd4fa35a623fa00) Importer(815301076,1909f56bfc062723c751e8b465ee728b)
Start importing Assets/_GameAssets/3DModels/Zombies/Modelos/Textures/Romero/Ch10_1001_Glossiness.png using Guid(d47e84fe9af790c4bbd4fa35a623fa00) Importer(815301076,1909f56bfc062723c751e8b465ee728b)  -> (artifact id: 'f041ca6a90e9d6b918cb756453e5701a') in 0.008436 seconds
  Import took 0.013144 seconds .

========================================================================
Received Import Request.
  Time since last request: 0.000235 seconds.
  path: Assets/_GameAssets/3DModels/Swat/SwatVisor/Texturas/Ch15_1001_Normal.png
  artifactKey: Guid(bd75b79bb7eaf9f42b3dd9f8d842a923) Importer(815301076,1909f56bfc062723c751e8b465ee728b)
Start importing Assets/_GameAssets/3DModels/Swat/SwatVisor/Texturas/Ch15_1001_Normal.png using Guid(bd75b79bb7eaf9f42b3dd9f8d842a923) Importer(815301076,1909f56bfc062723c751e8b465ee728b)  -> (artifact id: '42e115e89511417c7d87e2e1975aa0e4') in 0.011394 seconds
  Import took 0.017434 seconds .

========================================================================
Received Import Request.
  Time since last request: 0.848061 seconds.
  path: Assets/_GameAssets/3DModels/Armas/m16/textures/Ambient_Occlusion_Map_from_Mesh_M16A3.png
  artifactKey: Guid(7e7ff3cd3ef38584a854653a3b318b04) Importer(815301076,1909f56bfc062723c751e8b465ee728b)
Start importing Assets/_GameAssets/3DModels/Armas/m16/textures/Ambient_Occlusion_Map_from_Mesh_M16A3.png using Guid(7e7ff3cd3ef38584a854653a3b318b04) Importer(815301076,1909f56bfc062723c751e8b465ee728b)  -> (artifact id: '6594c3653e472882a788e29c5d2ad975') in 0.052634 seconds
  Import took 0.057637 seconds .

========================================================================
Received Import Request.
  Time since last request: 0.003562 seconds.
  path: Assets/_GameAssets/3DModels/Armas/m16/textures/Ambient_Occlusion_Map_from_Mesh_M16A3.png
  artifactKey: Guid(7e7ff3cd3ef38584a854653a3b318b04) Importer(815301076,1909f56bfc062723c751e8b465ee728b)
Start importing Assets/_GameAssets/3DModels/Armas/m16/textures/Ambient_Occlusion_Map_from_Mesh_M16A3.png using Guid(7e7ff3cd3ef38584a854653a3b318b04) Importer(815301076,1909f56bfc062723c751e8b465ee728b)  -> (artifact id: '6594c3653e472882a788e29c5d2ad975') in 0.007709 seconds
  Import took 0.012065 seconds .

========================================================================
Received Prepare
Registering precompiled user dll's ...
Registered in 0.007807 seconds.
Begin MonoManager ReloadAssembly
Native extension for WindowsStandalone target not found
Native extension for WebGL target not found
Refreshing native plugins compatible for Editor in 1.53 ms, found 2 plugins.
Preloading 0 native plugins for Editor in 0.00 ms.
Warning: Annotation not found!
UnityEngine.StackTraceUtility:ExtractStackTrace ()
UnityEditor.ProBuilder.EditorUtility:SetGizmoIconEnabled (System.Type,bool) (at Library/PackageCache/com.unity.probuilder@4.5.0/Editor/EditorCore/EditorUtility.cs:593)
UnityEditor.ProBuilder.HierarchyListener:.cctor () (at Library/PackageCache/com.unity.probuilder@4.5.0/Editor/EditorCore/HierarchyListener.cs:21)
System.Runtime.CompilerServices.RuntimeHelpers:RunClassConstructor (System.RuntimeTypeHandle)
UnityEditor.EditorAssemblies:ProcessInitializeOnLoadAttributes (System.Type[])

[Library/PackageCache/com.unity.probuilder@4.5.0/Editor/EditorCore/EditorUtility.cs line 593]

Mono: successfully reloaded assembly
- Completed reload, in  1.347 seconds
Platform modules already initialized, skipping
Refreshing native plugins compatible for Editor in 1.03 ms, found 2 plugins.
Preloading 0 native plugins for Editor in 0.00 ms.
Unloading 2435 Unused Serialized files (Serialized files now loaded: 0)
System memory in use before: 269.8 MB.
System memory in use after: 270.1 MB.

Unloading 20 unused Assets to reduce memory usage. Loaded Objects now: 3217.
Total: 3.236600 ms (FindLiveObjects: 0.305200 ms CreateObjectMapping: 0.081100 ms MarkObjects: 2.826400 ms  DeleteObjects: 0.022400 ms)

========================================================================
Received Prepare
Registering precompiled user dll's ...
Registered in 0.008541 seconds.
Begin MonoManager ReloadAssembly
Native extension for WindowsStandalone target not found
Native extension for WebGL target not found
Refreshing native plugins compatible for Editor in 1.03 ms, found 2 plugins.
Preloading 0 native plugins for Editor in 0.00 ms.
Warning: Annotation not found!
UnityEngine.StackTraceUtility:ExtractStackTrace ()
UnityEditor.ProBuilder.EditorUtility:SetGizmoIconEnabled (System.Type,bool) (at Library/PackageCache/com.unity.probuilder@4.5.0/Editor/EditorCore/EditorUtility.cs:593)
UnityEditor.ProBuilder.HierarchyListener:.cctor () (at Library/PackageCache/com.unity.probuilder@4.5.0/Editor/EditorCore/HierarchyListener.cs:21)
System.Runtime.CompilerServices.RuntimeHelpers:RunClassConstructor (System.RuntimeTypeHandle)
UnityEditor.EditorAssemblies:ProcessInitializeOnLoadAttributes (System.Type[])

[Library/PackageCache/com.unity.probuilder@4.5.0/Editor/EditorCore/EditorUtility.cs line 593]

Mono: successfully reloaded assembly
- Completed reload, in  1.491 seconds
Platform modules already initialized, skipping
Refreshing native plugins compatible for Editor in 1.81 ms, found 2 plugins.
Preloading 0 native plugins for Editor in 0.00 ms.
Unloading 2435 Unused Serialized files (Serialized files now loaded: 0)
System memory in use before: 269.9 MB.
System memory in use after: 270.1 MB.

Unloading 20 unused Assets to reduce memory usage. Loaded Objects now: 3220.
Total: 4.448500 ms (FindLiveObjects: 0.336800 ms CreateObjectMapping: 0.072400 ms MarkObjects: 4.011600 ms  DeleteObjects: 0.026200 ms)

========================================================================
Received Prepare
Registering precompiled user dll's ...
Registered in 0.009760 seconds.
Begin MonoManager ReloadAssembly
Native extension for WindowsStandalone target not found
Native extension for WebGL target not found
Refreshing native plugins compatible for Editor in 1.40 ms, found 2 plugins.
Preloading 0 native plugins for Editor in 0.00 ms.
Warning: Annotation not found!
UnityEngine.StackTraceUtility:ExtractStackTrace ()
UnityEditor.ProBuilder.EditorUtility:SetGizmoIconEnabled (System.Type,bool) (at Library/PackageCache/com.unity.probuilder@4.5.0/Editor/EditorCore/EditorUtility.cs:593)
UnityEditor.ProBuilder.HierarchyListener:.cctor () (at Library/PackageCache/com.unity.probuilder@4.5.0/Editor/EditorCore/HierarchyListener.cs:21)
System.Runtime.CompilerServices.RuntimeHelpers:RunClassConstructor (System.RuntimeTypeHandle)
UnityEditor.EditorAssemblies:ProcessInitializeOnLoadAttributes (System.Type[])

[Library/PackageCache/com.unity.probuilder@4.5.0/Editor/EditorCore/EditorUtility.cs line 593]

Mono: successfully reloaded assembly
- Completed reload, in  1.448 seconds
Platform modules already initialized, skipping
Refreshing native plugins compatible for Editor in 1.87 ms, found 2 plugins.
Preloading 0 native plugins for Editor in 0.00 ms.
Unloading 2435 Unused Serialized files (Serialized files now loaded: 0)
System memory in use before: 269.9 MB.
System memory in use after: 270.1 MB.

Unloading 20 unused Assets to reduce memory usage. Loaded Objects now: 3223.
Total: 4.041300 ms (FindLiveObjects: 0.598400 ms CreateObjectMapping: 0.124500 ms MarkObjects: 3.292200 ms  DeleteObjects: 0.023900 ms)

========================================================================
Received Prepare
Registering precompiled user dll's ...
Registered in 0.008434 seconds.
Begin MonoManager ReloadAssembly
Native extension for WindowsStandalone target not found
Native extension for WebGL target not found
Refreshing native plugins compatible for Editor in 1.01 ms, found 2 plugins.
Preloading 0 native plugins for Editor in 0.00 ms.
Warning: Annotation not found!
UnityEngine.StackTraceUtility:ExtractStackTrace ()
UnityEditor.ProBuilder.EditorUtility:SetGizmoIconEnabled (System.Type,bool) (at Library/PackageCache/com.unity.probuilder@4.5.0/Editor/EditorCore/EditorUtility.cs:593)
UnityEditor.ProBuilder.HierarchyListener:.cctor () (at Library/PackageCache/com.unity.probuilder@4.5.0/Editor/EditorCore/HierarchyListener.cs:21)
System.Runtime.CompilerServices.RuntimeHelpers:RunClassConstructor (System.RuntimeTypeHandle)
UnityEditor.EditorAssemblies:ProcessInitializeOnLoadAttributes (System.Type[])

[Library/PackageCache/com.unity.probuilder@4.5.0/Editor/EditorCore/EditorUtility.cs line 593]

Mono: successfully reloaded assembly
- Completed reload, in  1.329 seconds
Platform modules already initialized, skipping
Refreshing native plugins compatible for Editor in 1.00 ms, found 2 plugins.
Preloading 0 native plugins for Editor in 0.00 ms.
Unloading 2435 Unused Serialized files (Serialized files now loaded: 0)
System memory in use before: 269.9 MB.
System memory in use after: 270.1 MB.

Unloading 20 unused Assets to reduce memory usage. Loaded Objects now: 3226.
Total: 3.396100 ms (FindLiveObjects: 0.389100 ms CreateObjectMapping: 0.073000 ms MarkObjects: 2.909600 ms  DeleteObjects: 0.022500 ms)

========================================================================
Received Prepare
Registering precompiled user dll's ...
Registered in 0.009245 seconds.
Begin MonoManager ReloadAssembly
Native extension for WindowsStandalone target not found
Native extension for WebGL target not found
Refreshing native plugins compatible for Editor in 1.58 ms, found 2 plugins.
Preloading 0 native plugins for Editor in 0.00 ms.
Warning: Annotation not found!
UnityEngine.StackTraceUtility:ExtractStackTrace ()
UnityEditor.ProBuilder.EditorUtility:SetGizmoIconEnabled (System.Type,bool) (at Library/PackageCache/com.unity.probuilder@4.5.0/Editor/EditorCore/EditorUtility.cs:593)
UnityEditor.ProBuilder.HierarchyListener:.cctor () (at Library/PackageCache/com.unity.probuilder@4.5.0/Editor/EditorCore/HierarchyListener.cs:21)
System.Runtime.CompilerServices.RuntimeHelpers:RunClassConstructor (System.RuntimeTypeHandle)
UnityEditor.EditorAssemblies:ProcessInitializeOnLoadAttributes (System.Type[])

[Library/PackageCache/com.unity.probuilder@4.5.0/Editor/EditorCore/EditorUtility.cs line 593]

Mono: successfully reloaded assembly
- Completed reload, in  1.500 seconds
Platform modules already initialized, skipping
Refreshing native plugins compatible for Editor in 1.39 ms, found 2 plugins.
Preloading 0 native plugins for Editor in 0.00 ms.
Unloading 2435 Unused Serialized files (Serialized files now loaded: 0)
System memory in use before: 269.9 MB.
System memory in use after: 270.1 MB.

Unloading 20 unused Assets to reduce memory usage. Loaded Objects now: 3229.
Total: 3.811300 ms (FindLiveObjects: 0.353400 ms CreateObjectMapping: 0.075400 ms MarkObjects: 3.351100 ms  DeleteObjects: 0.029100 ms)

========================================================================
Received Prepare
Registering precompiled user dll's ...
Registered in 0.009239 seconds.
Begin MonoManager ReloadAssembly
Native extension for WindowsStandalone target not found
Native extension for WebGL target not found
Refreshing native plugins compatible for Editor in 1.69 ms, found 2 plugins.
Preloading 0 native plugins for Editor in 0.00 ms.
Warning: Annotation not found!
UnityEngine.StackTraceUtility:ExtractStackTrace ()
UnityEditor.ProBuilder.EditorUtility:SetGizmoIconEnabled (System.Type,bool) (at Library/PackageCache/com.unity.probuilder@4.5.0/Editor/EditorCore/EditorUtility.cs:593)
UnityEditor.ProBuilder.HierarchyListener:.cctor () (at Library/PackageCache/com.unity.probuilder@4.5.0/Editor/EditorCore/HierarchyListener.cs:21)
System.Runtime.CompilerServices.RuntimeHelpers:RunClassConstructor (System.RuntimeTypeHandle)
UnityEditor.EditorAssemblies:ProcessInitializeOnLoadAttributes (System.Type[])

[Library/PackageCache/com.unity.probuilder@4.5.0/Editor/EditorCore/EditorUtility.cs line 593]

Mono: successfully reloaded assembly
- Completed reload, in  1.510 seconds
Platform modules already initialized, skipping
Refreshing native plugins compatible for Editor in 0.96 ms, found 2 plugins.
Preloading 0 native plugins for Editor in 0.00 ms.
Unloading 2435 Unused Serialized files (Serialized files now loaded: 0)
System memory in use before: 269.9 MB.
System memory in use after: 270.1 MB.

Unloading 20 unused Assets to reduce memory usage. Loaded Objects now: 3232.
Total: 3.305800 ms (FindLiveObjects: 0.318100 ms CreateObjectMapping: 0.074100 ms MarkObjects: 2.888600 ms  DeleteObjects: 0.023200 ms)

========================================================================
Received Prepare
Registering precompiled user dll's ...
Registered in 0.007746 seconds.
Begin MonoManager ReloadAssembly
Native extension for WindowsStandalone target not found
Native extension for WebGL target not found
Refreshing native plugins compatible for Editor in 1.01 ms, found 2 plugins.
Preloading 0 native plugins for Editor in 0.00 ms.
Warning: Annotation not found!
UnityEngine.StackTraceUtility:ExtractStackTrace ()
UnityEditor.ProBuilder.EditorUtility:SetGizmoIconEnabled (System.Type,bool) (at Library/PackageCache/com.unity.probuilder@4.5.0/Editor/EditorCore/EditorUtility.cs:593)
UnityEditor.ProBuilder.HierarchyListener:.cctor () (at Library/PackageCache/com.unity.probuilder@4.5.0/Editor/EditorCore/HierarchyListener.cs:21)
System.Runtime.CompilerServices.RuntimeHelpers:RunClassConstructor (System.RuntimeTypeHandle)
UnityEditor.EditorAssemblies:ProcessInitializeOnLoadAttributes (System.Type[])

[Library/PackageCache/com.unity.probuilder@4.5.0/Editor/EditorCore/EditorUtility.cs line 593]

Mono: successfully reloaded assembly
- Completed reload, in  1.349 seconds
Platform modules already initialized, skipping
Refreshing native plugins compatible for Editor in 0.95 ms, found 2 plugins.
Preloading 0 native plugins for Editor in 0.00 ms.
Unloading 2435 Unused Serialized files (Serialized files now loaded: 0)
System memory in use before: 269.9 MB.
System memory in use after: 270.1 MB.

Unloading 20 unused Assets to reduce memory usage. Loaded Objects now: 3235.
Total: 4.150100 ms (FindLiveObjects: 0.317800 ms CreateObjectMapping: 0.071400 ms MarkObjects: 3.727400 ms  DeleteObjects: 0.032000 ms)

========================================================================
Received Import Request.
  Time since last request: 1436.826919 seconds.
  path: Assets/_GameAssets/3DModels/Swat/Animaciones
  artifactKey: Guid(62e040ab6d2fd0445bcb8e1574c563f2) Importer(815301076,1909f56bfc062723c751e8b465ee728b)
Start importing Assets/_GameAssets/3DModels/Swat/Animaciones using Guid(62e040ab6d2fd0445bcb8e1574c563f2) Importer(815301076,1909f56bfc062723c751e8b465ee728b)  -> (artifact id: '5f18327841caadfe9d122dde65190cda') in 0.006486 seconds
  Import took 0.026892 seconds .

========================================================================
Received Import Request.
  Time since last request: 81.370084 seconds.
  path: Assets/_GameAssets/3DModels/Swat/SwatVisor/SwatVisor.fbx
  artifactKey: Guid(7071dba624eb60a4db865800b4da7ef6) Importer(815301076,1909f56bfc062723c751e8b465ee728b)
Start importing Assets/_GameAssets/3DModels/Swat/SwatVisor/SwatVisor.fbx using Guid(7071dba624eb60a4db865800b4da7ef6) Importer(815301076,1909f56bfc062723c751e8b465ee728b)  -> (artifact id: '50f2bd05121cb9dd8eb27c29329662ee') in 0.094982 seconds
  Import took 0.100609 seconds .

========================================================================
Received Import Request.
  Time since last request: 41.339838 seconds.
  path: Assets/_GameAssets/3DModels/Swat/Swat.controller
  artifactKey: Guid(93c11b7e1d561d14081a04bbbc434f72) Importer(815301076,1909f56bfc062723c751e8b465ee728b)
Start importing Assets/_GameAssets/3DModels/Swat/Swat.controller using Guid(93c11b7e1d561d14081a04bbbc434f72) Importer(815301076,1909f56bfc062723c751e8b465ee728b)  -> (artifact id: '531eb8b6064d5363cf805d93ff2a4d09') in 0.007840 seconds
  Import took 0.012255 seconds .

========================================================================
Received Import Request.
  Time since last request: 22.783609 seconds.
  path: Assets/_GameAssets/3DModels/Swat/Animaciones/Ch15_nonPBR@Rifle Aiming Idle.fbx
  artifactKey: Guid(5debd79f09943de4bb9dd08c587a35bc) Importer(815301076,1909f56bfc062723c751e8b465ee728b)
Start importing Assets/_GameAssets/3DModels/Swat/Animaciones/Ch15_nonPBR@Rifle Aiming Idle.fbx using Guid(5debd79f09943de4bb9dd08c587a35bc) Importer(815301076,1909f56bfc062723c751e8b465ee728b)  -> (artifact id: '2420900b9f57c017470d6ca1a3e1195a') in 0.005662 seconds
  Import took 0.026249 seconds .

========================================================================
Received Import Request.
  Time since last request: 14.747779 seconds.
  path: Assets/_GameAssets/3DModels/Swat/Animaciones/Ch15_nonPBR@Rifle Aiming Idle.fbx
  artifactKey: Guid(5debd79f09943de4bb9dd08c587a35bc) Importer(815301076,1909f56bfc062723c751e8b465ee728b)
Start importing Assets/_GameAssets/3DModels/Swat/Animaciones/Ch15_nonPBR@Rifle Aiming Idle.fbx using Guid(5debd79f09943de4bb9dd08c587a35bc) Importer(815301076,1909f56bfc062723c751e8b465ee728b)  -> (artifact id: 'c570344f273565f0b579c3d250074b62') in 0.006313 seconds
  Import took 0.011014 seconds .

========================================================================
Received Import Request.
  Time since last request: 124.223829 seconds.
  path: Assets/_GameAssets/3DModels/Swat/Animaciones/Ch15_nonPBR@Rifle Aiming Idle.fbx
  artifactKey: Guid(5debd79f09943de4bb9dd08c587a35bc) Importer(815301076,1909f56bfc062723c751e8b465ee728b)
Start importing Assets/_GameAssets/3DModels/Swat/Animaciones/Ch15_nonPBR@Rifle Aiming Idle.fbx using Guid(5debd79f09943de4bb9dd08c587a35bc) Importer(815301076,1909f56bfc062723c751e8b465ee728b)  -> (artifact id: '23d609719f88b2ca2890fb33e34df9db') in 0.006451 seconds
  Import took 0.011417 seconds .

========================================================================
Received Prepare
Registering precompiled user dll's ...
Registered in 0.009469 seconds.
Begin MonoManager ReloadAssembly
Native extension for WindowsStandalone target not found
Native extension for WebGL target not found
Refreshing native plugins compatible for Editor in 1.39 ms, found 2 plugins.
Preloading 0 native plugins for Editor in 0.00 ms.
Warning: Annotation not found!
UnityEngine.StackTraceUtility:ExtractStackTrace ()
UnityEditor.ProBuilder.EditorUtility:SetGizmoIconEnabled (System.Type,bool) (at Library/PackageCache/com.unity.probuilder@4.5.0/Editor/EditorCore/EditorUtility.cs:593)
UnityEditor.ProBuilder.HierarchyListener:.cctor () (at Library/PackageCache/com.unity.probuilder@4.5.0/Editor/EditorCore/HierarchyListener.cs:21)
System.Runtime.CompilerServices.RuntimeHelpers:RunClassConstructor (System.RuntimeTypeHandle)
UnityEditor.EditorAssemblies:ProcessInitializeOnLoadAttributes (System.Type[])

[Library/PackageCache/com.unity.probuilder@4.5.0/Editor/EditorCore/EditorUtility.cs line 593]

Mono: successfully reloaded assembly
- Completed reload, in  1.475 seconds
Platform modules already initialized, skipping
Refreshing native plugins compatible for Editor in 1.08 ms, found 2 plugins.
Preloading 0 native plugins for Editor in 0.00 ms.
Unloading 2435 Unused Serialized files (Serialized files now loaded: 0)
System memory in use before: 270.0 MB.
System memory in use after: 270.2 MB.

Unloading 20 unused Assets to reduce memory usage. Loaded Objects now: 3239.
Total: 4.173800 ms (FindLiveObjects: 0.317100 ms CreateObjectMapping: 0.076800 ms MarkObjects: 3.747300 ms  DeleteObjects: 0.030000 ms)

========================================================================
Received Prepare
Registering precompiled user dll's ...
Registered in 0.007820 seconds.
Begin MonoManager ReloadAssembly
Native extension for WindowsStandalone target not found
Native extension for WebGL target not found
Refreshing native plugins compatible for Editor in 1.01 ms, found 2 plugins.
Preloading 0 native plugins for Editor in 0.00 ms.
Warning: Annotation not found!
UnityEngine.StackTraceUtility:ExtractStackTrace ()
UnityEditor.ProBuilder.EditorUtility:SetGizmoIconEnabled (System.Type,bool) (at Library/PackageCache/com.unity.probuilder@4.5.0/Editor/EditorCore/EditorUtility.cs:593)
UnityEditor.ProBuilder.HierarchyListener:.cctor () (at Library/PackageCache/com.unity.probuilder@4.5.0/Editor/EditorCore/HierarchyListener.cs:21)
System.Runtime.CompilerServices.RuntimeHelpers:RunClassConstructor (System.RuntimeTypeHandle)
UnityEditor.EditorAssemblies:ProcessInitializeOnLoadAttributes (System.Type[])

[Library/PackageCache/com.unity.probuilder@4.5.0/Editor/EditorCore/EditorUtility.cs line 593]

Mono: successfully reloaded assembly
- Completed reload, in  1.342 seconds
Platform modules already initialized, skipping
Refreshing native plugins compatible for Editor in 1.02 ms, found 2 plugins.
Preloading 0 native plugins for Editor in 0.00 ms.
Unloading 2435 Unused Serialized files (Serialized files now loaded: 0)
System memory in use before: 270.0 MB.
System memory in use after: 270.2 MB.

Unloading 20 unused Assets to reduce memory usage. Loaded Objects now: 3242.
Total: 3.114700 ms (FindLiveObjects: 0.294100 ms CreateObjectMapping: 0.072200 ms MarkObjects: 2.721900 ms  DeleteObjects: 0.024500 ms)

========================================================================
Received Import Request.
  Time since last request: 196.137990 seconds.
  path: Assets/_GameAssets/3DModels/Swat/Animaciones/Ch15_nonPBR@Rifle Aiming Idle.fbx
  artifactKey: Guid(5debd79f09943de4bb9dd08c587a35bc) Importer(815301076,1909f56bfc062723c751e8b465ee728b)
Start importing Assets/_GameAssets/3DModels/Swat/Animaciones/Ch15_nonPBR@Rifle Aiming Idle.fbx using Guid(5debd79f09943de4bb9dd08c587a35bc) Importer(815301076,1909f56bfc062723c751e8b465ee728b)  -> (artifact id: '1369d5989a045cce98810013b220059d') in 0.024275 seconds
  Import took 0.029203 seconds .

========================================================================
Received Prepare
Registering precompiled user dll's ...
Registered in 0.009785 seconds.
Begin MonoManager ReloadAssembly
Native extension for WindowsStandalone target not found
Native extension for WebGL target not found
Refreshing native plugins compatible for Editor in 1.04 ms, found 2 plugins.
Preloading 0 native plugins for Editor in 0.00 ms.
Warning: Annotation not found!
UnityEngine.StackTraceUtility:ExtractStackTrace ()
UnityEditor.ProBuilder.EditorUtility:SetGizmoIconEnabled (System.Type,bool) (at Library/PackageCache/com.unity.probuilder@4.5.0/Editor/EditorCore/EditorUtility.cs:593)
UnityEditor.ProBuilder.HierarchyListener:.cctor () (at Library/PackageCache/com.unity.probuilder@4.5.0/Editor/EditorCore/HierarchyListener.cs:21)
System.Runtime.CompilerServices.RuntimeHelpers:RunClassConstructor (System.RuntimeTypeHandle)
UnityEditor.EditorAssemblies:ProcessInitializeOnLoadAttributes (System.Type[])

[Library/PackageCache/com.unity.probuilder@4.5.0/Editor/EditorCore/EditorUtility.cs line 593]

Mono: successfully reloaded assembly
- Completed reload, in  1.357 seconds
Platform modules already initialized, skipping
Refreshing native plugins compatible for Editor in 1.67 ms, found 2 plugins.
Preloading 0 native plugins for Editor in 0.00 ms.
Unloading 2435 Unused Serialized files (Serialized files now loaded: 0)
System memory in use before: 270.0 MB.
System memory in use after: 270.2 MB.

Unloading 20 unused Assets to reduce memory usage. Loaded Objects now: 3245.
Total: 5.319800 ms (FindLiveObjects: 0.695500 ms CreateObjectMapping: 0.252900 ms MarkObjects: 4.337500 ms  DeleteObjects: 0.030300 ms)

========================================================================
Received Import Request.
  Time since last request: 11.292267 seconds.
  path: Assets/_GameAssets/3DModels/Swat/Animaciones/Ch15_nonPBR@Rifle Aiming Idle.fbx
  artifactKey: Guid(5debd79f09943de4bb9dd08c587a35bc) Importer(815301076,1909f56bfc062723c751e8b465ee728b)
Start importing Assets/_GameAssets/3DModels/Swat/Animaciones/Ch15_nonPBR@Rifle Aiming Idle.fbx using Guid(5debd79f09943de4bb9dd08c587a35bc) Importer(815301076,1909f56bfc062723c751e8b465ee728b)  -> (artifact id: '783ca8e9bf4d3e4504f7d5a416dedd4c') in 0.024476 seconds
  Import took 0.030523 seconds .

========================================================================
Received Prepare
Registering precompiled user dll's ...
Registered in 0.008108 seconds.
Begin MonoManager ReloadAssembly
Native extension for WindowsStandalone target not found
Native extension for WebGL target not found
Refreshing native plugins compatible for Editor in 0.97 ms, found 2 plugins.
Preloading 0 native plugins for Editor in 0.00 ms.
Warning: Annotation not found!
UnityEngine.StackTraceUtility:ExtractStackTrace ()
UnityEditor.ProBuilder.EditorUtility:SetGizmoIconEnabled (System.Type,bool) (at Library/PackageCache/com.unity.probuilder@4.5.0/Editor/EditorCore/EditorUtility.cs:593)
UnityEditor.ProBuilder.HierarchyListener:.cctor () (at Library/PackageCache/com.unity.probuilder@4.5.0/Editor/EditorCore/HierarchyListener.cs:21)
System.Runtime.CompilerServices.RuntimeHelpers:RunClassConstructor (System.RuntimeTypeHandle)
UnityEditor.EditorAssemblies:ProcessInitializeOnLoadAttributes (System.Type[])

[Library/PackageCache/com.unity.probuilder@4.5.0/Editor/EditorCore/EditorUtility.cs line 593]

Mono: successfully reloaded assembly
- Completed reload, in  1.339 seconds
Platform modules already initialized, skipping
Refreshing native plugins compatible for Editor in 0.99 ms, found 2 plugins.
Preloading 0 native plugins for Editor in 0.00 ms.
Unloading 2435 Unused Serialized files (Serialized files now loaded: 0)
System memory in use before: 270.0 MB.
System memory in use after: 270.2 MB.

Unloading 20 unused Assets to reduce memory usage. Loaded Objects now: 3248.
Total: 4.989200 ms (FindLiveObjects: 0.389300 ms CreateObjectMapping: 0.101300 ms MarkObjects: 4.449100 ms  DeleteObjects: 0.047000 ms)

========================================================================
Received Prepare
Registering precompiled user dll's ...
Registered in 0.008298 seconds.
Begin MonoManager ReloadAssembly
Native extension for WindowsStandalone target not found
Native extension for WebGL target not found
Refreshing native plugins compatible for Editor in 0.95 ms, found 2 plugins.
Preloading 0 native plugins for Editor in 0.00 ms.
Warning: Annotation not found!
UnityEngine.StackTraceUtility:ExtractStackTrace ()
UnityEditor.ProBuilder.EditorUtility:SetGizmoIconEnabled (System.Type,bool) (at Library/PackageCache/com.unity.probuilder@4.5.0/Editor/EditorCore/EditorUtility.cs:593)
UnityEditor.ProBuilder.HierarchyListener:.cctor () (at Library/PackageCache/com.unity.probuilder@4.5.0/Editor/EditorCore/HierarchyListener.cs:21)
System.Runtime.CompilerServices.RuntimeHelpers:RunClassConstructor (System.RuntimeTypeHandle)
UnityEditor.EditorAssemblies:ProcessInitializeOnLoadAttributes (System.Type[])

[Library/PackageCache/com.unity.probuilder@4.5.0/Editor/EditorCore/EditorUtility.cs line 593]

Mono: successfully reloaded assembly
- Completed reload, in  1.337 seconds
Platform modules already initialized, skipping
Refreshing native plugins compatible for Editor in 1.32 ms, found 2 plugins.
Preloading 0 native plugins for Editor in 0.00 ms.
Unloading 2435 Unused Serialized files (Serialized files now loaded: 0)
System memory in use before: 270.0 MB.
System memory in use after: 270.2 MB.

Unloading 20 unused Assets to reduce memory usage. Loaded Objects now: 3251.
Total: 3.768300 ms (FindLiveObjects: 0.321200 ms CreateObjectMapping: 0.076800 ms MarkObjects: 3.343100 ms  DeleteObjects: 0.025900 ms)

========================================================================
Received Import Request.
  Time since last request: 480.557003 seconds.
  path: Assets/_GameAssets/3DModels/Swat/Animaciones/Ch15_nonPBR@Rifle Aiming Idle.fbx
  artifactKey: Guid(5debd79f09943de4bb9dd08c587a35bc) Importer(815301076,1909f56bfc062723c751e8b465ee728b)
Start importing Assets/_GameAssets/3DModels/Swat/Animaciones/Ch15_nonPBR@Rifle Aiming Idle.fbx using Guid(5debd79f09943de4bb9dd08c587a35bc) Importer(815301076,1909f56bfc062723c751e8b465ee728b)  -> (artifact id: '40c0c122f107f43963a07396bcfe23ad') in 0.025114 seconds
  Import took 0.030037 seconds .

========================================================================
Received Import Request.
  Time since last request: 0.011296 seconds.
  path: Assets/_GameAssets/3DModels/Swat/Animaciones/Ch15_nonPBR@Rifle Aiming Idle.fbx
  artifactKey: Guid(5debd79f09943de4bb9dd08c587a35bc) Importer(815301076,1909f56bfc062723c751e8b465ee728b)
Start importing Assets/_GameAssets/3DModels/Swat/Animaciones/Ch15_nonPBR@Rifle Aiming Idle.fbx using Guid(5debd79f09943de4bb9dd08c587a35bc) Importer(815301076,1909f56bfc062723c751e8b465ee728b)  -> (artifact id: '40c0c122f107f43963a07396bcfe23ad') in 0.006415 seconds
  Import took 0.011387 seconds .

========================================================================
Received Prepare
Registering precompiled user dll's ...
Registered in 0.009121 seconds.
Begin MonoManager ReloadAssembly
Native extension for WindowsStandalone target not found
Native extension for WebGL target not found
Refreshing native plugins compatible for Editor in 1.09 ms, found 2 plugins.
Preloading 0 native plugins for Editor in 0.00 ms.
Warning: Annotation not found!
UnityEngine.StackTraceUtility:ExtractStackTrace ()
UnityEditor.ProBuilder.EditorUtility:SetGizmoIconEnabled (System.Type,bool) (at Library/PackageCache/com.unity.probuilder@4.5.0/Editor/EditorCore/EditorUtility.cs:593)
UnityEditor.ProBuilder.HierarchyListener:.cctor () (at Library/PackageCache/com.unity.probuilder@4.5.0/Editor/EditorCore/HierarchyListener.cs:21)
System.Runtime.CompilerServices.RuntimeHelpers:RunClassConstructor (System.RuntimeTypeHandle)
UnityEditor.EditorAssemblies:ProcessInitializeOnLoadAttributes (System.Type[])

[Library/PackageCache/com.unity.probuilder@4.5.0/Editor/EditorCore/EditorUtility.cs line 593]

Mono: successfully reloaded assembly
- Completed reload, in  1.461 seconds
Platform modules already initialized, skipping
Refreshing native plugins compatible for Editor in 1.58 ms, found 2 plugins.
Preloading 0 native plugins for Editor in 0.00 ms.
Unloading 2435 Unused Serialized files (Serialized files now loaded: 0)
System memory in use before: 270.0 MB.
System memory in use after: 270.2 MB.

Unloading 20 unused Assets to reduce memory usage. Loaded Objects now: 3254.
Total: 4.043400 ms (FindLiveObjects: 0.483100 ms CreateObjectMapping: 0.133600 ms MarkObjects: 3.401300 ms  DeleteObjects: 0.024000 ms)

========================================================================
Received Import Request.
  Time since last request: 1436.292413 seconds.
  path: Assets/_GameAssets/3DModels/Swat/SwatVisor/Armas
  artifactKey: Guid(be851cfff5fd4cd479de49650b8153ad) Importer(815301076,1909f56bfc062723c751e8b465ee728b)
Start importing Assets/_GameAssets/3DModels/Swat/SwatVisor/Armas using Guid(be851cfff5fd4cd479de49650b8153ad) Importer(815301076,1909f56bfc062723c751e8b465ee728b)  -> (artifact id: 'a89bf50cfde7ad4250ebf8c1bf3c0f21') in 0.025103 seconds
  Import took 0.030456 seconds .

========================================================================
Received Import Request.
  Time since last request: 75.400275 seconds.
  path: Assets/_GameAssets/3DModels/Swat/SwatVisor/Armas/swat.blend
  artifactKey: Guid(b36b03a0d3437f54f9e78a090062bc6b) Importer(815301076,1909f56bfc062723c751e8b465ee728b)
Start importing Assets/_GameAssets/3DModels/Swat/SwatVisor/Armas/swat.blend using Guid(b36b03a0d3437f54f9e78a090062bc6b) Importer(815301076,1909f56bfc062723c751e8b465ee728b)  -> (artifact id: '29aec4a9be3c18e7ca8e810163606868') in 0.445638 seconds
  Import took 0.451203 seconds .

========================================================================
Received Import Request.
  Time since last request: 109.829114 seconds.
  path: Assets/_GameAssets/3DModels/Swat/SwatVisor/Armas/SwatRifle.prefab
  artifactKey: Guid(4d817517a71426244a1d7d82acb6ad8b) Importer(815301076,1909f56bfc062723c751e8b465ee728b)
Start importing Assets/_GameAssets/3DModels/Swat/SwatVisor/Armas/SwatRifle.prefab using Guid(4d817517a71426244a1d7d82acb6ad8b) Importer(815301076,1909f56bfc062723c751e8b465ee728b)  -> (artifact id: '96167dd42bc125b920beb143b4c1323f') in 0.013483 seconds
  Import took 0.018049 seconds .

========================================================================
Received Import Request.
  Time since last request: 49.181393 seconds.
  path: Assets/_GameAssets/3DModels/Swat/SwatVisor/Armas/Texture
  artifactKey: Guid(2bdcbfa7b8c8c724594561fd6d71f682) Importer(815301076,1909f56bfc062723c751e8b465ee728b)
Start importing Assets/_GameAssets/3DModels/Swat/SwatVisor/Armas/Texture using Guid(2bdcbfa7b8c8c724594561fd6d71f682) Importer(815301076,1909f56bfc062723c751e8b465ee728b)  -> (artifact id: '031d74739bc9648c500134339385102b') in 0.002518 seconds
  Import took 0.007617 seconds .

========================================================================
Received Import Request.
  Time since last request: 3.653601 seconds.
  path: Assets/_GameAssets/3DModels/Swat/SwatVisor/Armas/Textures
  artifactKey: Guid(2bdcbfa7b8c8c724594561fd6d71f682) Importer(815301076,1909f56bfc062723c751e8b465ee728b)
Start importing Assets/_GameAssets/3DModels/Swat/SwatVisor/Armas/Textures using Guid(2bdcbfa7b8c8c724594561fd6d71f682) Importer(815301076,1909f56bfc062723c751e8b465ee728b)  -> (artifact id: '5cd701f6ddc61dc80ef191051873b273') in 0.002891 seconds
  Import took 0.007831 seconds .

========================================================================
Received Import Request.
  Time since last request: 239.775451 seconds.
  path: Assets/_GameAssets/3DModels/Swat/SwatVisor/Armas/Rifle
  artifactKey: Guid(fc0225adc1127674f8e5b279ef47cf4b) Importer(815301076,1909f56bfc062723c751e8b465ee728b)
Start importing Assets/_GameAssets/3DModels/Swat/SwatVisor/Armas/Rifle using Guid(fc0225adc1127674f8e5b279ef47cf4b) Importer(815301076,1909f56bfc062723c751e8b465ee728b)  -> (artifact id: '0e01321c1aac86230eaaec937533d284') in 0.002576 seconds
  Import took 0.007000 seconds .

AssetImportWorkerClient::OnTransportError - code=2 error=End of file
