Using pre-set license
Built from '2020.3/staging' branch; Version is '2020.3.10f1 (297d780c91bc) revision 2719096'; Using compiler version '192528614'; Build Type 'Release'
OS: 'Windows 10 Pro; OS build 19042.1052; Version 2009; 64bit' Language: 'es' Physical Memory: 16320 MB
BatchMode: 1, IsHumanControllingUs: 0, StartBugReporterOnCrash: 0, Is64bit: 1, IsPro: 0

 COMMAND LINE ARGUMENTS:
C:\Program Files\Unity\Hub\Editor\2020.3.10f1\Editor\Unity.exe
-adb2
-batchMode
-noUpm
-name
AssetImportWorker0
-projectPath
D:/Documentos/Proyectos/Unity/Call_of_Getafe
-logFile
Logs/AssetImportWorker0.log
-srvPort
48368
Successfully changed project path to: D:/Documentos/Proyectos/Unity/Call_of_Getafe
D:/Documentos/Proyectos/Unity/Call_of_Getafe
Using Asset Import Pipeline V2.
Refreshing native plugins compatible for Editor in 96.12 ms, found 2 plugins.
Preloading 0 native plugins for Editor in 0.00 ms.
Initialize engine version: 2020.3.10f1 (297d780c91bc)
[Subsystems] Discovering subsystems at path C:/Program Files/Unity/Hub/Editor/2020.3.10f1/Editor/Data/Resources/UnitySubsystems
[Subsystems] Discovering subsystems at path D:/Documentos/Proyectos/Unity/Call_of_Getafe/Assets
GfxDevice: creating device client; threaded=0
Direct3D:
    Version:  Direct3D 11.0 [level 11.1]
    Renderer: Radeon (TM) RX 480 Graphics (ID=0x67df)
    Vendor:   
    VRAM:     4075 MB
    Driver:   27.20.21003.8013
Initialize mono
Mono path[0] = 'C:/Program Files/Unity/Hub/Editor/2020.3.10f1/Editor/Data/Managed'
Mono path[1] = 'C:/Program Files/Unity/Hub/Editor/2020.3.10f1/Editor/Data/MonoBleedingEdge/lib/mono/unityjit'
Mono config path = 'C:/Program Files/Unity/Hub/Editor/2020.3.10f1/Editor/Data/MonoBleedingEdge/etc'
Using monoOptions --debugger-agent=transport=dt_socket,embedding=1,server=y,suspend=n,address=127.0.0.1:56164
Begin MonoManager ReloadAssembly
Registering precompiled unity dll's ...
Register platform support module: C:/Program Files/Unity/Hub/Editor/2020.3.10f1/Editor/Data/PlaybackEngines/WebGLSupport/UnityEditor.WebGL.Extensions.dll
Register platform support module: C:/Program Files/Unity/Hub/Editor/2020.3.10f1/Editor/Data/PlaybackEngines/WindowsStandaloneSupport/UnityEditor.WindowsStandalone.Extensions.dll
Registered in 0.002976 seconds.
Native extension for WindowsStandalone target not found
Native extension for WebGL target not found
Refreshing native plugins compatible for Editor in 92.21 ms, found 2 plugins.
Preloading 0 native plugins for Editor in 0.00 ms.
Mono: successfully reloaded assembly
- Completed reload, in  2.744 seconds
Platform modules already initialized, skipping
Registering precompiled user dll's ...
Registered in 0.006403 seconds.
Begin MonoManager ReloadAssembly
Native extension for WindowsStandalone target not found
Native extension for WebGL target not found
Refreshing native plugins compatible for Editor in 1.00 ms, found 2 plugins.
Preloading 0 native plugins for Editor in 0.00 ms.
Mono: successfully reloaded assembly
- Completed reload, in  1.949 seconds
Platform modules already initialized, skipping
========================================================================
Worker process is ready to serve import requests
Launched and connected shader compiler UnityShaderCompiler.exe after 0.05 seconds
Refreshing native plugins compatible for Editor in 0.96 ms, found 2 plugins.
Preloading 0 native plugins for Editor in 0.00 ms.
Unloading 2556 Unused Serialized files (Serialized files now loaded: 0)
System memory in use before: 348.2 MB.
System memory in use after: 348.5 MB.

Unloading 111 unused Assets to reduce memory usage. Loaded Objects now: 3155.
Total: 3.160600 ms (FindLiveObjects: 0.321200 ms CreateObjectMapping: 0.073300 ms MarkObjects: 2.635100 ms  DeleteObjects: 0.129600 ms)

========================================================================
Received Import Request.
  path: Assets/_GameAssets/3DModels/Boss
  artifactKey: Guid(d60eab680c8983d47b9f9104f282790d) Importer(815301076,1909f56bfc062723c751e8b465ee728b)
Start importing Assets/_GameAssets/3DModels/Boss using Guid(d60eab680c8983d47b9f9104f282790d) Importer(815301076,1909f56bfc062723c751e8b465ee728b)  -> (artifact id: '31dc5ccaad4414dbcef000d5b8f5ea72') in 0.007040 seconds
  Import took 0.025458 seconds .

========================================================================
Received Import Request.
  Time since last request: 0.395188 seconds.
  path: Assets/_GameAssets/3DModels/Boss/mutant@T-Pose.fbx
  artifactKey: Guid(0c61c7595b85b6f4890a675bf0c93a94) Importer(815301076,1909f56bfc062723c751e8b465ee728b)
Start importing Assets/_GameAssets/3DModels/Boss/mutant@T-Pose.fbx using Guid(0c61c7595b85b6f4890a675bf0c93a94) Importer(815301076,1909f56bfc062723c751e8b465ee728b)  -> (artifact id: '5c46360788300573c7df1e0445627cc5') in 0.181216 seconds
  Import took 0.220976 seconds .

========================================================================
Received Import Request.
  Time since last request: 22.721996 seconds.
  path: Assets/_GameAssets/3DModels/Boss/mutant@T-Pose.fbx
  artifactKey: Guid(0c61c7595b85b6f4890a675bf0c93a94) Importer(815301076,1909f56bfc062723c751e8b465ee728b)
Start importing Assets/_GameAssets/3DModels/Boss/mutant@T-Pose.fbx using Guid(0c61c7595b85b6f4890a675bf0c93a94) Importer(815301076,1909f56bfc062723c751e8b465ee728b)  -> (artifact id: '6059ed7c41ec5fb75ebddc57a3b544dd') in 0.036032 seconds
  Import took 0.055960 seconds .

========================================================================
Received Import Request.
  Time since last request: 6.878513 seconds.
  path: Assets/_GameAssets/3DModels/Boss/mutant@T-Pose.fbx
  artifactKey: Guid(0c61c7595b85b6f4890a675bf0c93a94) Importer(815301076,1909f56bfc062723c751e8b465ee728b)
Start importing Assets/_GameAssets/3DModels/Boss/mutant@T-Pose.fbx using Guid(0c61c7595b85b6f4890a675bf0c93a94) Importer(815301076,1909f56bfc062723c751e8b465ee728b)  -> (artifact id: '075ee9b81ae136cc7d044c76a5102ab0') in 0.029673 seconds
  Import took 0.062079 seconds .

========================================================================
Received Import Request.
  Time since last request: 1.810094 seconds.
  path: Assets/_GameAssets/3DModels/Boss/Materials
  artifactKey: Guid(49f9f4e85075f154a96d46eda99b11ef) Importer(815301076,1909f56bfc062723c751e8b465ee728b)
Start importing Assets/_GameAssets/3DModels/Boss/Materials using Guid(49f9f4e85075f154a96d46eda99b11ef) Importer(815301076,1909f56bfc062723c751e8b465ee728b)  -> (artifact id: '855e8bab29a8ad1d9e6fc16279ac4169') in 0.002452 seconds
  Import took 0.025608 seconds .

========================================================================
Received Import Request.
  Time since last request: 1.584864 seconds.
  path: Assets/_GameAssets/3DModels/Boss/Materials/Mutant_diffuse.png
  artifactKey: Guid(a2f6541582ab60646a120ebf153afc16) Importer(815301076,1909f56bfc062723c751e8b465ee728b)
Start importing Assets/_GameAssets/3DModels/Boss/Materials/Mutant_diffuse.png using Guid(a2f6541582ab60646a120ebf153afc16) Importer(815301076,1909f56bfc062723c751e8b465ee728b)  -> (artifact id: 'ae5a9c8b34b6d570a08249437415af80') in 0.048180 seconds
  Import took 0.066212 seconds .

========================================================================
Received Import Request.
  Time since last request: 0.013758 seconds.
  path: Assets/_GameAssets/3DModels/Boss/Materials/Mutant_diffuse.png
  artifactKey: Guid(a2f6541582ab60646a120ebf153afc16) Importer(815301076,1909f56bfc062723c751e8b465ee728b)
Start importing Assets/_GameAssets/3DModels/Boss/Materials/Mutant_diffuse.png using Guid(a2f6541582ab60646a120ebf153afc16) Importer(815301076,1909f56bfc062723c751e8b465ee728b)  -> (artifact id: 'ae5a9c8b34b6d570a08249437415af80') in 0.008821 seconds
  Import took 0.013079 seconds .

========================================================================
Received Import Request.
  Time since last request: 389.253966 seconds.
  path: Assets/_GameAssets/3DModels/Boss/mutant@T-Pose.fbx
  artifactKey: Guid(0c61c7595b85b6f4890a675bf0c93a94) Importer(815301076,1909f56bfc062723c751e8b465ee728b)
Start importing Assets/_GameAssets/3DModels/Boss/mutant@T-Pose.fbx using Guid(0c61c7595b85b6f4890a675bf0c93a94) Importer(815301076,1909f56bfc062723c751e8b465ee728b)  -> (artifact id: '0c5768633cbc15207712c309329d8ad4') in 0.027206 seconds
  Import took 0.048787 seconds .

========================================================================
Received Import Request.
  Time since last request: 31.662788 seconds.
  path: Assets/_GameAssets/3DModels/Boss/mutant@Mutant Breathing Idle.fbx
  artifactKey: Guid(32f9cf4b346d30d4488fe91cdd37d512) Importer(815301076,1909f56bfc062723c751e8b465ee728b)
Start importing Assets/_GameAssets/3DModels/Boss/mutant@Mutant Breathing Idle.fbx using Guid(32f9cf4b346d30d4488fe91cdd37d512) Importer(815301076,1909f56bfc062723c751e8b465ee728b)  -> (artifact id: 'bd8508adf7848c631e27e9086a6b7077') in 0.005943 seconds
  Import took 0.023746 seconds .

========================================================================
Received Import Request.
  Time since last request: 0.003638 seconds.
  path: Assets/_GameAssets/3DModels/Boss/mutant@Mutant Breathing Idle.fbx
  artifactKey: Guid(32f9cf4b346d30d4488fe91cdd37d512) Importer(815301076,1909f56bfc062723c751e8b465ee728b)
Start importing Assets/_GameAssets/3DModels/Boss/mutant@Mutant Breathing Idle.fbx using Guid(32f9cf4b346d30d4488fe91cdd37d512) Importer(815301076,1909f56bfc062723c751e8b465ee728b)  -> (artifact id: 'bd8508adf7848c631e27e9086a6b7077') in 0.005261 seconds
  Import took 0.009570 seconds .

========================================================================
Received Import Request.
  Time since last request: 16.075469 seconds.
  path: Assets/_GameAssets/3DModels/Boss/mutant@Mutant Breathing Idle.fbx
  artifactKey: Guid(32f9cf4b346d30d4488fe91cdd37d512) Importer(815301076,1909f56bfc062723c751e8b465ee728b)
Start importing Assets/_GameAssets/3DModels/Boss/mutant@Mutant Breathing Idle.fbx using Guid(32f9cf4b346d30d4488fe91cdd37d512) Importer(815301076,1909f56bfc062723c751e8b465ee728b)  -> (artifact id: 'cbc405acbb10edc83430cf4d78044328') in 0.005150 seconds
  Import took 0.021308 seconds .

========================================================================
Received Import Request.
  Time since last request: 48.487403 seconds.
  path: Assets/_GameAssets/3DModels/Boss/mutant@Mutant Roaring.fbx
  artifactKey: Guid(2298ced9a0d9f0140ac4cc3c5d97ca25) Importer(815301076,1909f56bfc062723c751e8b465ee728b)
Start importing Assets/_GameAssets/3DModels/Boss/mutant@Mutant Roaring.fbx using Guid(2298ced9a0d9f0140ac4cc3c5d97ca25) Importer(815301076,1909f56bfc062723c751e8b465ee728b)  -> (artifact id: '44035288c0db7ec452bb4fbf09741717') in 0.005768 seconds
  Import took 0.027511 seconds .

========================================================================
Received Import Request.
  Time since last request: 0.003875 seconds.
  path: Assets/_GameAssets/3DModels/Boss/mutant@Mutant Roaring.fbx
  artifactKey: Guid(2298ced9a0d9f0140ac4cc3c5d97ca25) Importer(815301076,1909f56bfc062723c751e8b465ee728b)
Start importing Assets/_GameAssets/3DModels/Boss/mutant@Mutant Roaring.fbx using Guid(2298ced9a0d9f0140ac4cc3c5d97ca25) Importer(815301076,1909f56bfc062723c751e8b465ee728b)  -> (artifact id: '44035288c0db7ec452bb4fbf09741717') in 0.007217 seconds
  Import took 0.011604 seconds .

========================================================================
Received Import Request.
  Time since last request: 17.386863 seconds.
  path: Assets/_GameAssets/3DModels/Boss/mutant@Mutant Roaring.fbx
  artifactKey: Guid(2298ced9a0d9f0140ac4cc3c5d97ca25) Importer(815301076,1909f56bfc062723c751e8b465ee728b)
Start importing Assets/_GameAssets/3DModels/Boss/mutant@Mutant Roaring.fbx using Guid(2298ced9a0d9f0140ac4cc3c5d97ca25) Importer(815301076,1909f56bfc062723c751e8b465ee728b)  -> (artifact id: '957a42f3e2188c3944f30b4c26160137') in 0.006058 seconds
  Import took 0.043573 seconds .

========================================================================
Received Import Request.
  Time since last request: 35.109309 seconds.
  path: Assets/_GameAssets/3DModels/Boss/mutant@Mutant Run.fbx
  artifactKey: Guid(bf940814c3ed77b4e8452338d248c103) Importer(815301076,1909f56bfc062723c751e8b465ee728b)
Start importing Assets/_GameAssets/3DModels/Boss/mutant@Mutant Run.fbx using Guid(bf940814c3ed77b4e8452338d248c103) Importer(815301076,1909f56bfc062723c751e8b465ee728b)  -> (artifact id: '2c034d7c9241dadc062970ae4cb9f4c4') in 0.005651 seconds
  Import took 0.027923 seconds .

========================================================================
Received Import Request.
  Time since last request: 14.227104 seconds.
  path: Assets/_GameAssets/3DModels/Boss/mutant@Mutant Run.fbx
  artifactKey: Guid(bf940814c3ed77b4e8452338d248c103) Importer(815301076,1909f56bfc062723c751e8b465ee728b)
Start importing Assets/_GameAssets/3DModels/Boss/mutant@Mutant Run.fbx using Guid(bf940814c3ed77b4e8452338d248c103) Importer(815301076,1909f56bfc062723c751e8b465ee728b)  -> (artifact id: '5743623aefa2d2ee790afa7afed0212e') in 0.005402 seconds
  Import took 0.023980 seconds .

========================================================================
Received Import Request.
  Time since last request: 41.442508 seconds.
  path: Assets/_GameAssets/3DModels/Boss/Boss.controller
  artifactKey: Guid(399b94660c603b34ab86d1e1a1971aaf) Importer(815301076,1909f56bfc062723c751e8b465ee728b)
Start importing Assets/_GameAssets/3DModels/Boss/Boss.controller using Guid(399b94660c603b34ab86d1e1a1971aaf) Importer(815301076,1909f56bfc062723c751e8b465ee728b)  -> (artifact id: '331b83f327cad7c1cb202be03625b4fa') in 0.009102 seconds
  Import took 0.033628 seconds .

========================================================================
Received Import Request.
  Time since last request: 91.551465 seconds.
  path: Assets/_GameAssets/3DModels/Boss/mutant@Mutant Roaring.fbx
  artifactKey: Guid(2298ced9a0d9f0140ac4cc3c5d97ca25) Importer(815301076,1909f56bfc062723c751e8b465ee728b)
Start importing Assets/_GameAssets/3DModels/Boss/mutant@Mutant Roaring.fbx using Guid(2298ced9a0d9f0140ac4cc3c5d97ca25) Importer(815301076,1909f56bfc062723c751e8b465ee728b)  -> (artifact id: '51429a52dcd901f38ae401068b0e83a7') in 0.006305 seconds
  Import took 0.061382 seconds .

========================================================================
Received Prepare
Registering precompiled user dll's ...
Registered in 0.007899 seconds.
Begin MonoManager ReloadAssembly
Native extension for WindowsStandalone target not found
Native extension for WebGL target not found
Refreshing native plugins compatible for Editor in 1.38 ms, found 2 plugins.
Preloading 0 native plugins for Editor in 0.00 ms.
Warning: Annotation not found!
UnityEngine.StackTraceUtility:ExtractStackTrace ()
UnityEditor.ProBuilder.EditorUtility:SetGizmoIconEnabled (System.Type,bool) (at Library/PackageCache/com.unity.probuilder@4.5.0/Editor/EditorCore/EditorUtility.cs:593)
UnityEditor.ProBuilder.HierarchyListener:.cctor () (at Library/PackageCache/com.unity.probuilder@4.5.0/Editor/EditorCore/HierarchyListener.cs:21)
System.Runtime.CompilerServices.RuntimeHelpers:RunClassConstructor (System.RuntimeTypeHandle)
UnityEditor.EditorAssemblies:ProcessInitializeOnLoadAttributes (System.Type[])

[Library/PackageCache/com.unity.probuilder@4.5.0/Editor/EditorCore/EditorUtility.cs line 593]

Mono: successfully reloaded assembly
- Completed reload, in  1.487 seconds
Platform modules already initialized, skipping
Refreshing native plugins compatible for Editor in 1.37 ms, found 2 plugins.
Preloading 0 native plugins for Editor in 0.00 ms.
Unloading 2424 Unused Serialized files (Serialized files now loaded: 0)
System memory in use before: 339.1 MB.
System memory in use after: 339.3 MB.

Unloading 17 unused Assets to reduce memory usage. Loaded Objects now: 3203.
Total: 3.811400 ms (FindLiveObjects: 0.453400 ms CreateObjectMapping: 0.101100 ms MarkObjects: 3.233100 ms  DeleteObjects: 0.022200 ms)

========================================================================
Received Prepare
Registering precompiled user dll's ...
Registered in 0.007262 seconds.
Begin MonoManager ReloadAssembly
Native extension for WindowsStandalone target not found
Native extension for WebGL target not found
Refreshing native plugins compatible for Editor in 1.17 ms, found 2 plugins.
Preloading 0 native plugins for Editor in 0.00 ms.
Warning: Annotation not found!
UnityEngine.StackTraceUtility:ExtractStackTrace ()
UnityEditor.ProBuilder.EditorUtility:SetGizmoIconEnabled (System.Type,bool) (at Library/PackageCache/com.unity.probuilder@4.5.0/Editor/EditorCore/EditorUtility.cs:593)
UnityEditor.ProBuilder.HierarchyListener:.cctor () (at Library/PackageCache/com.unity.probuilder@4.5.0/Editor/EditorCore/HierarchyListener.cs:21)
System.Runtime.CompilerServices.RuntimeHelpers:RunClassConstructor (System.RuntimeTypeHandle)
UnityEditor.EditorAssemblies:ProcessInitializeOnLoadAttributes (System.Type[])

[Library/PackageCache/com.unity.probuilder@4.5.0/Editor/EditorCore/EditorUtility.cs line 593]

Mono: successfully reloaded assembly
- Completed reload, in  1.488 seconds
Platform modules already initialized, skipping
Refreshing native plugins compatible for Editor in 1.01 ms, found 2 plugins.
Preloading 0 native plugins for Editor in 0.00 ms.
Unloading 2424 Unused Serialized files (Serialized files now loaded: 0)
System memory in use before: 339.2 MB.
System memory in use after: 339.5 MB.

Unloading 17 unused Assets to reduce memory usage. Loaded Objects now: 3206.
Total: 3.725300 ms (FindLiveObjects: 0.314700 ms CreateObjectMapping: 0.069300 ms MarkObjects: 3.313600 ms  DeleteObjects: 0.025900 ms)

========================================================================
Received Prepare
Registering precompiled user dll's ...
Registered in 0.006524 seconds.
Begin MonoManager ReloadAssembly
Native extension for WindowsStandalone target not found
Native extension for WebGL target not found
Refreshing native plugins compatible for Editor in 0.95 ms, found 2 plugins.
Preloading 0 native plugins for Editor in 0.00 ms.
Warning: Annotation not found!
UnityEngine.StackTraceUtility:ExtractStackTrace ()
UnityEditor.ProBuilder.EditorUtility:SetGizmoIconEnabled (System.Type,bool) (at Library/PackageCache/com.unity.probuilder@4.5.0/Editor/EditorCore/EditorUtility.cs:593)
UnityEditor.ProBuilder.HierarchyListener:.cctor () (at Library/PackageCache/com.unity.probuilder@4.5.0/Editor/EditorCore/HierarchyListener.cs:21)
System.Runtime.CompilerServices.RuntimeHelpers:RunClassConstructor (System.RuntimeTypeHandle)
UnityEditor.EditorAssemblies:ProcessInitializeOnLoadAttributes (System.Type[])

[Library/PackageCache/com.unity.probuilder@4.5.0/Editor/EditorCore/EditorUtility.cs line 593]

Mono: successfully reloaded assembly
- Completed reload, in  1.357 seconds
Platform modules already initialized, skipping
Refreshing native plugins compatible for Editor in 1.08 ms, found 2 plugins.
Preloading 0 native plugins for Editor in 0.00 ms.
Unloading 2424 Unused Serialized files (Serialized files now loaded: 0)
System memory in use before: 339.3 MB.
System memory in use after: 339.5 MB.

Unloading 17 unused Assets to reduce memory usage. Loaded Objects now: 3209.
Total: 3.789400 ms (FindLiveObjects: 0.318300 ms CreateObjectMapping: 0.068600 ms MarkObjects: 3.376000 ms  DeleteObjects: 0.024500 ms)

========================================================================
Received Import Request.
  Time since last request: 7085.397089 seconds.
  path: Assets/MB/General/Meshes/Fire_Hydrant.fbx
  artifactKey: Guid(9cd390f81994c5d4dbcd394c952f29ae) Importer(815301076,1909f56bfc062723c751e8b465ee728b)
Start importing Assets/MB/General/Meshes/Fire_Hydrant.fbx using Guid(9cd390f81994c5d4dbcd394c952f29ae) Importer(815301076,1909f56bfc062723c751e8b465ee728b)  -> (artifact id: '8c942d7f8a2435ad6f2fae63f6623f21') in 0.373313 seconds
  Import took 0.537299 seconds .

========================================================================
Received Import Request.
  Time since last request: 12.232168 seconds.
  path: Assets/MB/General/Prefabs/Fire_Hydrant/Fire_Hydrant_prefab.prefab
  artifactKey: Guid(1eef23286f4dbcb4c8e4e4a490e31bf6) Importer(815301076,1909f56bfc062723c751e8b465ee728b)
Start importing Assets/MB/General/Prefabs/Fire_Hydrant/Fire_Hydrant_prefab.prefab using Guid(1eef23286f4dbcb4c8e4e4a490e31bf6) Importer(815301076,1909f56bfc062723c751e8b465ee728b)  -> (artifact id: '7d43a65c21ca1562d51958848e0de6e6') in 0.670590 seconds
  Import took 0.712883 seconds .

========================================================================
Received Import Request.
  Time since last request: 11.626930 seconds.
  path: Assets/EffectExamples/Fire & Explosion Effects/Prefabs/FireBall.prefab
  artifactKey: Guid(a990e3ac1318b834488c784d851f42a9) Importer(815301076,1909f56bfc062723c751e8b465ee728b)
Start importing Assets/EffectExamples/Fire & Explosion Effects/Prefabs/FireBall.prefab using Guid(a990e3ac1318b834488c784d851f42a9) Importer(815301076,1909f56bfc062723c751e8b465ee728b)  -> (artifact id: '2857e80d8b3550128eea1f8e1b313316') in 0.019123 seconds
  Import took 0.047726 seconds .

========================================================================
Received Import Request.
  Time since last request: 0.001028 seconds.
  path: Assets/EffectExamples/Fire & Explosion Effects/Prefabs/FireBall.prefab
  artifactKey: Guid(a990e3ac1318b834488c784d851f42a9) Importer(815301076,1909f56bfc062723c751e8b465ee728b)
Start importing Assets/EffectExamples/Fire & Explosion Effects/Prefabs/FireBall.prefab using Guid(a990e3ac1318b834488c784d851f42a9) Importer(815301076,1909f56bfc062723c751e8b465ee728b)  -> (artifact id: '2857e80d8b3550128eea1f8e1b313316') in 0.005519 seconds
  Import took 0.010491 seconds .

========================================================================
Received Import Request.
  Time since last request: 19.881378 seconds.
  path: Assets/Standard Assets/ParticleSystems/Prefabs/FireComplex.prefab
  artifactKey: Guid(bf495eacf58e31146ab012aa89ac68da) Importer(815301076,1909f56bfc062723c751e8b465ee728b)
Start importing Assets/Standard Assets/ParticleSystems/Prefabs/FireComplex.prefab using Guid(bf495eacf58e31146ab012aa89ac68da) Importer(815301076,1909f56bfc062723c751e8b465ee728b)  -> (artifact id: '947bad0aac406ff49a205e970d47c34f') in 0.276178 seconds
  Import took 0.305374 seconds .

========================================================================
Received Import Request.
  Time since last request: 33.248481 seconds.
  path: Assets/EffectExamples/Misc Effects/Prefabs/FireFlies.prefab
  artifactKey: Guid(379785de5e39005469c875710d3cc5a7) Importer(815301076,1909f56bfc062723c751e8b465ee728b)
Start importing Assets/EffectExamples/Misc Effects/Prefabs/FireFlies.prefab using Guid(379785de5e39005469c875710d3cc5a7) Importer(815301076,1909f56bfc062723c751e8b465ee728b)  -> (artifact id: '0791ba49ddb4fd599e90416ae9d286fc') in 0.005948 seconds
  Import took 0.075540 seconds .

========================================================================
Received Import Request.
  Time since last request: 9.707551 seconds.
  path: Assets/Standard Assets/ParticleSystems/Prefabs/Fireworks.prefab
  artifactKey: Guid(180149b1a35449044a27b451e816d2de) Importer(815301076,1909f56bfc062723c751e8b465ee728b)
Start importing Assets/Standard Assets/ParticleSystems/Prefabs/Fireworks.prefab using Guid(180149b1a35449044a27b451e816d2de) Importer(815301076,1909f56bfc062723c751e8b465ee728b)  -> (artifact id: '019b271f8da6d8ac8d1e65edfd10dc48') in 0.005713 seconds
  Import took 0.030381 seconds .

========================================================================
Received Import Request.
  Time since last request: 34.861208 seconds.
  path: Assets/Standard Assets/ParticleSystems/Prefabs/WildFire.prefab
  artifactKey: Guid(2c32987c2bc01844a94adfb917dd677d) Importer(815301076,1909f56bfc062723c751e8b465ee728b)
Start importing Assets/Standard Assets/ParticleSystems/Prefabs/WildFire.prefab using Guid(2c32987c2bc01844a94adfb917dd677d) Importer(815301076,1909f56bfc062723c751e8b465ee728b)  -> (artifact id: 'ca77803183bcb7d5860fa64c1f386084') in 0.128356 seconds
  Import took 0.151994 seconds .

========================================================================
Received Import Request.
  Time since last request: 0.000388 seconds.
  path: Assets/Standard Assets/ParticleSystems/Prefabs/WildFire.prefab
  artifactKey: Guid(2c32987c2bc01844a94adfb917dd677d) Importer(815301076,1909f56bfc062723c751e8b465ee728b)
Start importing Assets/Standard Assets/ParticleSystems/Prefabs/WildFire.prefab using Guid(2c32987c2bc01844a94adfb917dd677d) Importer(815301076,1909f56bfc062723c751e8b465ee728b)  -> (artifact id: 'ca77803183bcb7d5860fa64c1f386084') in 0.013810 seconds
  Import took 0.018996 seconds .

========================================================================
Received Import Request.
  Time since last request: 2.227218 seconds.
  path: Assets/EffectExamples/Fire & Explosion Effects/Prefabs/WildFire.prefab
  artifactKey: Guid(f293a2dcc753a4a489fefe7f8f312d69) Importer(815301076,1909f56bfc062723c751e8b465ee728b)
Start importing Assets/EffectExamples/Fire & Explosion Effects/Prefabs/WildFire.prefab using Guid(f293a2dcc753a4a489fefe7f8f312d69) Importer(815301076,1909f56bfc062723c751e8b465ee728b)  -> (artifact id: '8892b3b356794f968bf24177ebfcd221') in 0.005493 seconds
  Import took 0.029522 seconds .

========================================================================
Received Prepare
Registering precompiled user dll's ...
Registered in 0.083806 seconds.
Begin MonoManager ReloadAssembly
Native extension for WindowsStandalone target not found
Native extension for WebGL target not found
Refreshing native plugins compatible for Editor in 1.19 ms, found 2 plugins.
Preloading 0 native plugins for Editor in 0.00 ms.
Warning: Annotation not found!
UnityEngine.StackTraceUtility:ExtractStackTrace ()
UnityEditor.ProBuilder.EditorUtility:SetGizmoIconEnabled (System.Type,bool) (at Library/PackageCache/com.unity.probuilder@4.5.0/Editor/EditorCore/EditorUtility.cs:593)
UnityEditor.ProBuilder.HierarchyListener:.cctor () (at Library/PackageCache/com.unity.probuilder@4.5.0/Editor/EditorCore/HierarchyListener.cs:21)
System.Runtime.CompilerServices.RuntimeHelpers:RunClassConstructor (System.RuntimeTypeHandle)
UnityEditor.EditorAssemblies:ProcessInitializeOnLoadAttributes (System.Type[])

[Library/PackageCache/com.unity.probuilder@4.5.0/Editor/EditorCore/EditorUtility.cs line 593]

Mono: successfully reloaded assembly
- Completed reload, in  1.622 seconds
Platform modules already initialized, skipping
Refreshing native plugins compatible for Editor in 1.02 ms, found 2 plugins.
Preloading 0 native plugins for Editor in 0.00 ms.
Unloading 2424 Unused Serialized files (Serialized files now loaded: 0)
System memory in use before: 339.4 MB.
System memory in use after: 339.6 MB.

Unloading 18 unused Assets to reduce memory usage. Loaded Objects now: 3214.
Total: 3.305700 ms (FindLiveObjects: 0.292400 ms CreateObjectMapping: 0.072500 ms MarkObjects: 2.886600 ms  DeleteObjects: 0.052300 ms)

========================================================================
Received Import Request.
  Time since last request: 907.845657 seconds.
  path: Assets/Hovl Studio/Procedural fire/Prefabs/Explosion.prefab
  artifactKey: Guid(67a684e320da6e7439421a07e3fa265c) Importer(815301076,1909f56bfc062723c751e8b465ee728b)
Start importing Assets/Hovl Studio/Procedural fire/Prefabs/Explosion.prefab using Guid(67a684e320da6e7439421a07e3fa265c) Importer(815301076,1909f56bfc062723c751e8b465ee728b)  -> (artifact id: '7884dc7a3770ee55d7d7c96e473e8a8d') in 0.024896 seconds
  Import took 0.695726 seconds .

========================================================================
Received Import Request.
  Time since last request: 0.273910 seconds.
  path: Assets/Hovl Studio/Procedural fire/Prefabs/Magic fire 0.prefab
  artifactKey: Guid(08fd1b80cc24cc8439f45fda3c558255) Importer(815301076,1909f56bfc062723c751e8b465ee728b)
Start importing Assets/Hovl Studio/Procedural fire/Prefabs/Magic fire 0.prefab using Guid(08fd1b80cc24cc8439f45fda3c558255) Importer(815301076,1909f56bfc062723c751e8b465ee728b)  -> (artifact id: '10461d2a15585671d164133604c27dfb') in 0.005541 seconds
  Import took 0.035124 seconds .

========================================================================
Received Import Request.
  Time since last request: 0.003227 seconds.
  path: Assets/Hovl Studio/Procedural fire/Prefabs/Magic fire 0.prefab
  artifactKey: Guid(08fd1b80cc24cc8439f45fda3c558255) Importer(815301076,1909f56bfc062723c751e8b465ee728b)
Start importing Assets/Hovl Studio/Procedural fire/Prefabs/Magic fire 0.prefab using Guid(08fd1b80cc24cc8439f45fda3c558255) Importer(815301076,1909f56bfc062723c751e8b465ee728b)  -> (artifact id: '10461d2a15585671d164133604c27dfb') in 0.005515 seconds
  Import took 0.009970 seconds .

========================================================================
Received Import Request.
  Time since last request: 4.440495 seconds.
  path: Assets/Hovl Studio/Procedural fire/Prefabs/Magic fire 1.prefab
  artifactKey: Guid(25093a0593dc83043a7bc17ebba0e95d) Importer(815301076,1909f56bfc062723c751e8b465ee728b)
Start importing Assets/Hovl Studio/Procedural fire/Prefabs/Magic fire 1.prefab using Guid(25093a0593dc83043a7bc17ebba0e95d) Importer(815301076,1909f56bfc062723c751e8b465ee728b)  -> (artifact id: '594defc8b1152ff755dd3ae1786a6af3') in 0.005884 seconds
  Import took 0.010520 seconds .

========================================================================
Received Import Request.
  Time since last request: 0.359395 seconds.
  path: Assets/Hovl Studio/Procedural fire/Prefabs/Magic fire 2.prefab
  artifactKey: Guid(529eb4216865eba419c1a4a68d0b0388) Importer(815301076,1909f56bfc062723c751e8b465ee728b)
Start importing Assets/Hovl Studio/Procedural fire/Prefabs/Magic fire 2.prefab using Guid(529eb4216865eba419c1a4a68d0b0388) Importer(815301076,1909f56bfc062723c751e8b465ee728b)  -> (artifact id: 'c33f316f1046ca2935e460f3bac8b8f9') in 0.005385 seconds
  Import took 0.026019 seconds .

========================================================================
Received Import Request.
  Time since last request: 1.311403 seconds.
  path: Assets/Hovl Studio/Procedural fire/Prefabs/Magic fire 3.prefab
  artifactKey: Guid(78e8b38d431ddef4fa2994a3f2d6e2ff) Importer(815301076,1909f56bfc062723c751e8b465ee728b)
Start importing Assets/Hovl Studio/Procedural fire/Prefabs/Magic fire 3.prefab using Guid(78e8b38d431ddef4fa2994a3f2d6e2ff) Importer(815301076,1909f56bfc062723c751e8b465ee728b)  -> (artifact id: '9381899ff967f96a230f5e436414c925') in 0.005945 seconds
  Import took 0.040814 seconds .

========================================================================
Received Import Request.
  Time since last request: 1.785108 seconds.
  path: Assets/Hovl Studio/Procedural fire/Prefabs/Magic fire pro blue.prefab
  artifactKey: Guid(c590b17884b119046bc6412066500b7d) Importer(815301076,1909f56bfc062723c751e8b465ee728b)
Start importing Assets/Hovl Studio/Procedural fire/Prefabs/Magic fire pro blue.prefab using Guid(c590b17884b119046bc6412066500b7d) Importer(815301076,1909f56bfc062723c751e8b465ee728b)  -> (artifact id: 'a568a9f6afbfce10f4d3742580397b7e') in 0.005462 seconds
  Import took 0.026835 seconds .

========================================================================
Received Import Request.
  Time since last request: 0.002060 seconds.
  path: Assets/Hovl Studio/Procedural fire/Prefabs/Magic fire pro blue.prefab
  artifactKey: Guid(c590b17884b119046bc6412066500b7d) Importer(815301076,1909f56bfc062723c751e8b465ee728b)
Start importing Assets/Hovl Studio/Procedural fire/Prefabs/Magic fire pro blue.prefab using Guid(c590b17884b119046bc6412066500b7d) Importer(815301076,1909f56bfc062723c751e8b465ee728b)  -> (artifact id: 'a568a9f6afbfce10f4d3742580397b7e') in 0.005481 seconds
  Import took 0.010025 seconds .

========================================================================
Received Import Request.
  Time since last request: 2.033914 seconds.
  path: Assets/Hovl Studio/Procedural fire/Prefabs/Magic fire pro red.prefab
  artifactKey: Guid(eca000ab44c908d4dab395f654753038) Importer(815301076,1909f56bfc062723c751e8b465ee728b)
Start importing Assets/Hovl Studio/Procedural fire/Prefabs/Magic fire pro red.prefab using Guid(eca000ab44c908d4dab395f654753038) Importer(815301076,1909f56bfc062723c751e8b465ee728b)  -> (artifact id: '92ee42fabb9b76035c81ec3ef2849e12') in 0.005275 seconds
  Import took 0.029192 seconds .

========================================================================
Received Import Request.
  Time since last request: 0.003121 seconds.
  path: Assets/Hovl Studio/Procedural fire/Prefabs/Magic fire pro red.prefab
  artifactKey: Guid(eca000ab44c908d4dab395f654753038) Importer(815301076,1909f56bfc062723c751e8b465ee728b)
Start importing Assets/Hovl Studio/Procedural fire/Prefabs/Magic fire pro red.prefab using Guid(eca000ab44c908d4dab395f654753038) Importer(815301076,1909f56bfc062723c751e8b465ee728b)  -> (artifact id: '92ee42fabb9b76035c81ec3ef2849e12') in 0.005557 seconds
  Import took 0.010165 seconds .

========================================================================
Received Import Request.
  Time since last request: 7.468158 seconds.
  path: Assets/Hovl Studio/Procedural fire/Prefabs/RotatorPS1.prefab
  artifactKey: Guid(1381b64ff1936ac4e80c3a00687081f3) Importer(815301076,1909f56bfc062723c751e8b465ee728b)
Start importing Assets/Hovl Studio/Procedural fire/Prefabs/RotatorPS1.prefab using Guid(1381b64ff1936ac4e80c3a00687081f3) Importer(815301076,1909f56bfc062723c751e8b465ee728b)  -> (artifact id: '78c6d8a1ee09a72f1e273778b9cd8d91') in 0.005999 seconds
  Import took 0.019918 seconds .

========================================================================
Received Import Request.
  Time since last request: 0.004816 seconds.
  path: Assets/Hovl Studio/Procedural fire/Prefabs/RotatorPS1.prefab
  artifactKey: Guid(1381b64ff1936ac4e80c3a00687081f3) Importer(815301076,1909f56bfc062723c751e8b465ee728b)
Start importing Assets/Hovl Studio/Procedural fire/Prefabs/RotatorPS1.prefab using Guid(1381b64ff1936ac4e80c3a00687081f3) Importer(815301076,1909f56bfc062723c751e8b465ee728b)  -> (artifact id: '78c6d8a1ee09a72f1e273778b9cd8d91') in 0.005334 seconds
  Import took 0.010037 seconds .

========================================================================
Received Import Request.
  Time since last request: 8.712093 seconds.
  path: Assets/Hovl Studio/Procedural fire/Prefabs/RotatorPS2.prefab
  artifactKey: Guid(26255240385821a4185c7163c7a7aec6) Importer(815301076,1909f56bfc062723c751e8b465ee728b)
Start importing Assets/Hovl Studio/Procedural fire/Prefabs/RotatorPS2.prefab using Guid(26255240385821a4185c7163c7a7aec6) Importer(815301076,1909f56bfc062723c751e8b465ee728b)  -> (artifact id: 'b064b6d5760c356c27fbd875467c1547') in 0.008866 seconds
  Import took 0.051710 seconds .

========================================================================
Received Import Request.
  Time since last request: 43.982298 seconds.
  path: Assets/Hovl Studio/Procedural fire/Prefabs/Magic fire pro orange.prefab
  artifactKey: Guid(e55149ba6f4d00741984987e258c3378) Importer(815301076,1909f56bfc062723c751e8b465ee728b)
Start importing Assets/Hovl Studio/Procedural fire/Prefabs/Magic fire pro orange.prefab using Guid(e55149ba6f4d00741984987e258c3378) Importer(815301076,1909f56bfc062723c751e8b465ee728b)  -> (artifact id: '5a818232c43cd9aeca9c9dfb71946899') in 0.005947 seconds
  Import took 0.045961 seconds .

========================================================================
Received Prepare
Registering precompiled user dll's ...
Registered in 0.007427 seconds.
Begin MonoManager ReloadAssembly
Native extension for WindowsStandalone target not found
Native extension for WebGL target not found
Refreshing native plugins compatible for Editor in 1.38 ms, found 2 plugins.
Preloading 0 native plugins for Editor in 0.00 ms.
Warning: Annotation not found!
UnityEngine.StackTraceUtility:ExtractStackTrace ()
UnityEditor.ProBuilder.EditorUtility:SetGizmoIconEnabled (System.Type,bool) (at Library/PackageCache/com.unity.probuilder@4.5.0/Editor/EditorCore/EditorUtility.cs:593)
UnityEditor.ProBuilder.HierarchyListener:.cctor () (at Library/PackageCache/com.unity.probuilder@4.5.0/Editor/EditorCore/HierarchyListener.cs:21)
System.Runtime.CompilerServices.RuntimeHelpers:RunClassConstructor (System.RuntimeTypeHandle)
UnityEditor.EditorAssemblies:ProcessInitializeOnLoadAttributes (System.Type[])

[Library/PackageCache/com.unity.probuilder@4.5.0/Editor/EditorCore/EditorUtility.cs line 593]

Mono: successfully reloaded assembly
- Completed reload, in  1.457 seconds
Platform modules already initialized, skipping
Refreshing native plugins compatible for Editor in 1.03 ms, found 2 plugins.
Preloading 0 native plugins for Editor in 0.00 ms.
Unloading 2425 Unused Serialized files (Serialized files now loaded: 0)
System memory in use before: 339.8 MB.
System memory in use after: 339.9 MB.

Unloading 18 unused Assets to reduce memory usage. Loaded Objects now: 3217.
Total: 3.768300 ms (FindLiveObjects: 0.321400 ms CreateObjectMapping: 0.071300 ms MarkObjects: 2.731800 ms  DeleteObjects: 0.642200 ms)

========================================================================
Received Prepare
Registering precompiled user dll's ...
Registered in 0.006860 seconds.
Begin MonoManager ReloadAssembly
Native extension for WindowsStandalone target not found
Native extension for WebGL target not found
Refreshing native plugins compatible for Editor in 1.02 ms, found 2 plugins.
Preloading 0 native plugins for Editor in 0.00 ms.
Warning: Annotation not found!
UnityEngine.StackTraceUtility:ExtractStackTrace ()
UnityEditor.ProBuilder.EditorUtility:SetGizmoIconEnabled (System.Type,bool) (at Library/PackageCache/com.unity.probuilder@4.5.0/Editor/EditorCore/EditorUtility.cs:593)
UnityEditor.ProBuilder.HierarchyListener:.cctor () (at Library/PackageCache/com.unity.probuilder@4.5.0/Editor/EditorCore/HierarchyListener.cs:21)
System.Runtime.CompilerServices.RuntimeHelpers:RunClassConstructor (System.RuntimeTypeHandle)
UnityEditor.EditorAssemblies:ProcessInitializeOnLoadAttributes (System.Type[])

[Library/PackageCache/com.unity.probuilder@4.5.0/Editor/EditorCore/EditorUtility.cs line 593]

Mono: successfully reloaded assembly
- Completed reload, in  1.390 seconds
Platform modules already initialized, skipping
Refreshing native plugins compatible for Editor in 1.46 ms, found 2 plugins.
Preloading 0 native plugins for Editor in 0.00 ms.
Unloading 2425 Unused Serialized files (Serialized files now loaded: 0)
System memory in use before: 339.8 MB.
System memory in use after: 339.9 MB.

Unloading 18 unused Assets to reduce memory usage. Loaded Objects now: 3220.
Total: 4.731300 ms (FindLiveObjects: 0.323600 ms CreateObjectMapping: 0.069600 ms MarkObjects: 3.724900 ms  DeleteObjects: 0.611300 ms)

========================================================================
Received Import Request.
  Time since last request: 1566.610404 seconds.
  path: Assets/_GameAssets/3DModels/car/destroyed_accord.obj
  artifactKey: Guid(ac730d04848479b4b982f6492e4e1e55) Importer(815301076,1909f56bfc062723c751e8b465ee728b)
Start importing Assets/_GameAssets/3DModels/car/destroyed_accord.obj using Guid(ac730d04848479b4b982f6492e4e1e55) Importer(815301076,1909f56bfc062723c751e8b465ee728b)  -> (artifact id: '56b6680ae162f8625c68f1a3b92087f4') in 0.298901 seconds
  Import took 0.343458 seconds .

========================================================================
Received Prepare
Registering precompiled user dll's ...
Registered in 0.006882 seconds.
Begin MonoManager ReloadAssembly
Native extension for WindowsStandalone target not found
Native extension for WebGL target not found
Refreshing native plugins compatible for Editor in 1.02 ms, found 2 plugins.
Preloading 0 native plugins for Editor in 0.00 ms.
Warning: Annotation not found!
UnityEngine.StackTraceUtility:ExtractStackTrace ()
UnityEditor.ProBuilder.EditorUtility:SetGizmoIconEnabled (System.Type,bool) (at Library/PackageCache/com.unity.probuilder@4.5.0/Editor/EditorCore/EditorUtility.cs:593)
UnityEditor.ProBuilder.HierarchyListener:.cctor () (at Library/PackageCache/com.unity.probuilder@4.5.0/Editor/EditorCore/HierarchyListener.cs:21)
System.Runtime.CompilerServices.RuntimeHelpers:RunClassConstructor (System.RuntimeTypeHandle)
UnityEditor.EditorAssemblies:ProcessInitializeOnLoadAttributes (System.Type[])

[Library/PackageCache/com.unity.probuilder@4.5.0/Editor/EditorCore/EditorUtility.cs line 593]

Mono: successfully reloaded assembly
- Completed reload, in  1.373 seconds
Platform modules already initialized, skipping
Refreshing native plugins compatible for Editor in 0.97 ms, found 2 plugins.
Preloading 0 native plugins for Editor in 0.00 ms.
Unloading 2425 Unused Serialized files (Serialized files now loaded: 0)
System memory in use before: 339.8 MB.
System memory in use after: 339.9 MB.

Unloading 18 unused Assets to reduce memory usage. Loaded Objects now: 3224.
Total: 4.891300 ms (FindLiveObjects: 0.558200 ms CreateObjectMapping: 0.075700 ms MarkObjects: 3.587100 ms  DeleteObjects: 0.668800 ms)

========================================================================
Received Prepare
Registering precompiled user dll's ...
Registered in 0.006380 seconds.
Begin MonoManager ReloadAssembly
Native extension for WindowsStandalone target not found
Native extension for WebGL target not found
Refreshing native plugins compatible for Editor in 0.95 ms, found 2 plugins.
Preloading 0 native plugins for Editor in 0.00 ms.
Warning: Annotation not found!
UnityEngine.StackTraceUtility:ExtractStackTrace ()
UnityEditor.ProBuilder.EditorUtility:SetGizmoIconEnabled (System.Type,bool) (at Library/PackageCache/com.unity.probuilder@4.5.0/Editor/EditorCore/EditorUtility.cs:593)
UnityEditor.ProBuilder.HierarchyListener:.cctor () (at Library/PackageCache/com.unity.probuilder@4.5.0/Editor/EditorCore/HierarchyListener.cs:21)
System.Runtime.CompilerServices.RuntimeHelpers:RunClassConstructor (System.RuntimeTypeHandle)
UnityEditor.EditorAssemblies:ProcessInitializeOnLoadAttributes (System.Type[])

[Library/PackageCache/com.unity.probuilder@4.5.0/Editor/EditorCore/EditorUtility.cs line 593]

Mono: successfully reloaded assembly
- Completed reload, in  1.278 seconds
Platform modules already initialized, skipping
Refreshing native plugins compatible for Editor in 1.02 ms, found 2 plugins.
Preloading 0 native plugins for Editor in 0.00 ms.
Unloading 2425 Unused Serialized files (Serialized files now loaded: 0)
System memory in use before: 339.8 MB.
System memory in use after: 339.9 MB.

Unloading 18 unused Assets to reduce memory usage. Loaded Objects now: 3227.
Total: 4.477500 ms (FindLiveObjects: 0.374500 ms CreateObjectMapping: 0.073600 ms MarkObjects: 3.411400 ms  DeleteObjects: 0.615600 ms)

========================================================================
Received Prepare
Registering precompiled user dll's ...
Registered in 0.007005 seconds.
Begin MonoManager ReloadAssembly
Native extension for WindowsStandalone target not found
Native extension for WebGL target not found
Refreshing native plugins compatible for Editor in 1.16 ms, found 2 plugins.
Preloading 0 native plugins for Editor in 0.00 ms.
Warning: Annotation not found!
UnityEngine.StackTraceUtility:ExtractStackTrace ()
UnityEditor.ProBuilder.EditorUtility:SetGizmoIconEnabled (System.Type,bool) (at Library/PackageCache/com.unity.probuilder@4.5.0/Editor/EditorCore/EditorUtility.cs:593)
UnityEditor.ProBuilder.HierarchyListener:.cctor () (at Library/PackageCache/com.unity.probuilder@4.5.0/Editor/EditorCore/HierarchyListener.cs:21)
System.Runtime.CompilerServices.RuntimeHelpers:RunClassConstructor (System.RuntimeTypeHandle)
UnityEditor.EditorAssemblies:ProcessInitializeOnLoadAttributes (System.Type[])

[Library/PackageCache/com.unity.probuilder@4.5.0/Editor/EditorCore/EditorUtility.cs line 593]

Mono: successfully reloaded assembly
- Completed reload, in  1.361 seconds
Platform modules already initialized, skipping
Refreshing native plugins compatible for Editor in 0.95 ms, found 2 plugins.
Preloading 0 native plugins for Editor in 0.00 ms.
Unloading 2425 Unused Serialized files (Serialized files now loaded: 0)
System memory in use before: 339.8 MB.
System memory in use after: 339.9 MB.

Unloading 18 unused Assets to reduce memory usage. Loaded Objects now: 3230.
Total: 3.843100 ms (FindLiveObjects: 0.288100 ms CreateObjectMapping: 0.067100 ms MarkObjects: 2.881600 ms  DeleteObjects: 0.605100 ms)

AssetImportWorkerClient::OnTransportError - code=2 error=End of file
